====================================================================================================
Arguments =
	seed: 0
	device: cuda:0
	experiment: pmnist
	approach: ucb
	data_path: ../data/
	output: 
	checkpoint_dir: ../checkpoints/
	nepochs: 2
	sbatch: 64
	lr: 0.01
	nlayers: 1
	nhid: 1200
	parameter: 
	rbuff_size: 0.05
	samples: 10
	rho: -3.0
	sig1: 0.0
	sig2: 6.0
	pi: 0.25
	arch: mlp
	resume: no
	sti: 0
====================================================================================================
Using device: cuda:0
pmnist_ucb
Results will be saved in  ../checkpoints/pmnist_ucb


Starting this run on :
2025-01-06 16:10
Load data...
Input size = [1, 28, 28] 
Task info = [(0, 10), (1, 10), (2, 10), (3, 10), (4, 10), (5, 10), (6, 10), (7, 10), (8, 10), (9, 10)]
Inits...
----------------------------------------------------------------------------------------------------
UCB New2
----------------------------------------------------------------------------------------------------
----------------------------------------------------------------------------------------------------
****************************************************************************************************
Task  0 (pmnist-0)
****************************************************************************************************
| Epoch   1, time=337.6ms/  7.5ms | Train: loss=0.000, acc= 95.9% | Valid: loss=0.000, acc= 95.9% | *
| Epoch   2, time=337.5ms/  7.5ms | Train: loss=0.000, acc= 97.2% | Valid: loss=0.000, acc= 97.2% | *
----------------------------------------------------------------------------------------------------
>>> Test on task  0 - pmnist-0       : loss=0.000, acc=96.640% <<<
Save at ../checkpoints/pmnist_ucb
****************************************************************************************************
Task  1 (pmnist-1)
****************************************************************************************************
| Epoch   1, time=370.5ms/  7.6ms | Train: loss=0.000, acc= 96.0% | Valid: loss=0.000, acc= 96.0% | *
| Epoch   2, time=370.6ms/  7.5ms | Train: loss=0.000, acc= 97.2% | Valid: loss=0.000, acc= 97.2% | *
----------------------------------------------------------------------------------------------------
>>> Test on task  0 - pmnist-0       : loss=0.000, acc=96.730% <<<
>>> Test on task  1 - pmnist-1       : loss=0.000, acc=96.680% <<<
Save at ../checkpoints/pmnist_ucb
****************************************************************************************************
Task  2 (pmnist-2)
****************************************************************************************************
| Epoch   1, time=365.8ms/  7.5ms | Train: loss=0.000, acc= 95.9% | Valid: loss=0.000, acc= 95.9% | *
| Epoch   2, time=371.4ms/  7.6ms | Train: loss=0.000, acc= 97.2% | Valid: loss=0.000, acc= 97.2% | *
----------------------------------------------------------------------------------------------------
>>> Test on task  0 - pmnist-0       : loss=0.000, acc=96.660% <<<
>>> Test on task  1 - pmnist-1       : loss=0.000, acc=96.560% <<<
>>> Test on task  2 - pmnist-2       : loss=0.000, acc=96.160% <<<
Save at ../checkpoints/pmnist_ucb
****************************************************************************************************
Task  3 (pmnist-3)
****************************************************************************************************
| Epoch   1, time=373.2ms/  7.7ms | Train: loss=0.000, acc= 95.9% | Valid: loss=0.000, acc= 95.9% | *
| Epoch   2, time=373.0ms/  7.6ms | Train: loss=0.000, acc= 97.2% | Valid: loss=0.000, acc= 97.2% | *
----------------------------------------------------------------------------------------------------
>>> Test on task  0 - pmnist-0       : loss=0.000, acc=96.640% <<<
>>> Test on task  1 - pmnist-1       : loss=0.000, acc=96.530% <<<
>>> Test on task  2 - pmnist-2       : loss=0.000, acc=96.120% <<<
>>> Test on task  3 - pmnist-3       : loss=0.000, acc=96.730% <<<
Save at ../checkpoints/pmnist_ucb
****************************************************************************************************
Task  4 (pmnist-4)
****************************************************************************************************
| Epoch   1, time=367.4ms/  7.6ms | Train: loss=0.000, acc= 95.8% | Valid: loss=0.000, acc= 95.8% | *
| Epoch   2, time=401.9ms/  7.7ms | Train: loss=0.000, acc= 97.2% | Valid: loss=0.000, acc= 97.2% | *
----------------------------------------------------------------------------------------------------
>>> Test on task  0 - pmnist-0       : loss=0.000, acc=96.650% <<<
>>> Test on task  1 - pmnist-1       : loss=0.000, acc=96.470% <<<
>>> Test on task  2 - pmnist-2       : loss=0.000, acc=96.250% <<<
>>> Test on task  3 - pmnist-3       : loss=0.000, acc=96.620% <<<
>>> Test on task  4 - pmnist-4       : loss=0.000, acc=96.650% <<<
Save at ../checkpoints/pmnist_ucb
****************************************************************************************************
Task  5 (pmnist-5)
****************************************************************************************************
| Epoch   1, time=371.0ms/  7.6ms | Train: loss=0.000, acc= 95.7% | Valid: loss=0.000, acc= 95.7% | *
| Epoch   2, time=383.0ms/  7.9ms | Train: loss=0.000, acc= 97.2% | Valid: loss=0.000, acc= 97.2% | *
----------------------------------------------------------------------------------------------------
>>> Test on task  0 - pmnist-0       : loss=0.000, acc=96.720% <<<
>>> Test on task  1 - pmnist-1       : loss=0.000, acc=96.390% <<<
>>> Test on task  2 - pmnist-2       : loss=0.000, acc=96.170% <<<
>>> Test on task  3 - pmnist-3       : loss=0.000, acc=96.560% <<<
>>> Test on task  4 - pmnist-4       : loss=0.000, acc=96.640% <<<
>>> Test on task  5 - pmnist-5       : loss=0.000, acc=96.580% <<<
Save at ../checkpoints/pmnist_ucb
****************************************************************************************************
Task  6 (pmnist-6)
****************************************************************************************************
| Epoch   1, time=386.2ms/  7.8ms | Train: loss=0.000, acc= 95.9% | Valid: loss=0.000, acc= 95.9% | *
| Epoch   2, time=390.1ms/  8.2ms | Train: loss=0.000, acc= 97.3% | Valid: loss=0.000, acc= 97.3% | *
----------------------------------------------------------------------------------------------------
>>> Test on task  0 - pmnist-0       : loss=0.000, acc=96.690% <<<
>>> Test on task  1 - pmnist-1       : loss=0.000, acc=96.430% <<<
>>> Test on task  2 - pmnist-2       : loss=0.000, acc=96.160% <<<
>>> Test on task  3 - pmnist-3       : loss=0.000, acc=96.590% <<<
>>> Test on task  4 - pmnist-4       : loss=0.000, acc=96.570% <<<
>>> Test on task  5 - pmnist-5       : loss=0.000, acc=96.550% <<<
>>> Test on task  6 - pmnist-6       : loss=0.000, acc=96.700% <<<
Save at ../checkpoints/pmnist_ucb
****************************************************************************************************
Task  7 (pmnist-7)
****************************************************************************************************
| Epoch   1, time=390.4ms/  8.0ms | Train: loss=0.000, acc= 95.9% | Valid: loss=0.000, acc= 95.9% | *
| Epoch   2, time=396.8ms/  8.1ms | Train: loss=0.000, acc= 97.3% | Valid: loss=0.000, acc= 97.3% | *
----------------------------------------------------------------------------------------------------
>>> Test on task  0 - pmnist-0       : loss=0.000, acc=96.700% <<<
>>> Test on task  1 - pmnist-1       : loss=0.000, acc=96.380% <<<
>>> Test on task  2 - pmnist-2       : loss=0.000, acc=96.180% <<<
>>> Test on task  3 - pmnist-3       : loss=0.000, acc=96.510% <<<
>>> Test on task  4 - pmnist-4       : loss=0.000, acc=96.640% <<<
>>> Test on task  5 - pmnist-5       : loss=0.000, acc=96.460% <<<
>>> Test on task  6 - pmnist-6       : loss=0.000, acc=96.620% <<<
>>> Test on task  7 - pmnist-7       : loss=0.000, acc=96.530% <<<
Save at ../checkpoints/pmnist_ucb
****************************************************************************************************
Task  8 (pmnist-8)
****************************************************************************************************
| Epoch   1, time=392.1ms/  7.6ms | Train: loss=0.000, acc= 95.9% | Valid: loss=0.000, acc= 95.9% | *
| Epoch   2, time=370.6ms/  7.6ms | Train: loss=0.000, acc= 97.1% | Valid: loss=0.000, acc= 97.1% | *
----------------------------------------------------------------------------------------------------
>>> Test on task  0 - pmnist-0       : loss=0.000, acc=96.610% <<<
>>> Test on task  1 - pmnist-1       : loss=0.000, acc=96.390% <<<
>>> Test on task  2 - pmnist-2       : loss=0.000, acc=96.000% <<<
>>> Test on task  3 - pmnist-3       : loss=0.000, acc=96.540% <<<
>>> Test on task  4 - pmnist-4       : loss=0.000, acc=96.610% <<<
>>> Test on task  5 - pmnist-5       : loss=0.000, acc=96.410% <<<
>>> Test on task  6 - pmnist-6       : loss=0.000, acc=96.640% <<<
>>> Test on task  7 - pmnist-7       : loss=0.000, acc=96.620% <<<
>>> Test on task  8 - pmnist-8       : loss=0.000, acc=96.630% <<<
Save at ../checkpoints/pmnist_ucb
****************************************************************************************************
Task  9 (pmnist-9)
****************************************************************************************************
| Epoch   1, time=388.1ms/  7.9ms | Train: loss=0.000, acc= 96.0% | Valid: loss=0.000, acc= 96.0% | *
| Epoch   2, time=412.8ms/  7.9ms | Train: loss=0.000, acc= 97.2% | Valid: loss=0.000, acc= 97.2% | *
----------------------------------------------------------------------------------------------------
>>> Test on task  0 - pmnist-0       : loss=0.000, acc=96.570% <<<
>>> Test on task  1 - pmnist-1       : loss=0.000, acc=96.590% <<<
>>> Test on task  2 - pmnist-2       : loss=0.000, acc=96.010% <<<
>>> Test on task  3 - pmnist-3       : loss=0.000, acc=96.530% <<<
>>> Test on task  4 - pmnist-4       : loss=0.000, acc=96.560% <<<
>>> Test on task  5 - pmnist-5       : loss=0.000, acc=96.390% <<<
>>> Test on task  6 - pmnist-6       : loss=0.000, acc=96.630% <<<
>>> Test on task  7 - pmnist-7       : loss=0.000, acc=96.600% <<<
>>> Test on task  8 - pmnist-8       : loss=0.000, acc=96.590% <<<
>>> Test on task  9 - pmnist-9       : loss=0.000, acc=96.600% <<<
Save at ../checkpoints/pmnist_ucb
****************************************************************************************************
Accuracies =
	,0.9664% ,0.0000% ,0.0000% ,0.0000% ,0.0000% ,0.0000% ,0.0000% ,0.0000% ,0.0000% ,0.0000% ,
	,0.9673% ,0.9668% ,0.0000% ,0.0000% ,0.0000% ,0.0000% ,0.0000% ,0.0000% ,0.0000% ,0.0000% ,
	,0.9666% ,0.9656% ,0.9616% ,0.0000% ,0.0000% ,0.0000% ,0.0000% ,0.0000% ,0.0000% ,0.0000% ,
	,0.9664% ,0.9653% ,0.9612% ,0.9673% ,0.0000% ,0.0000% ,0.0000% ,0.0000% ,0.0000% ,0.0000% ,
	,0.9665% ,0.9647% ,0.9625% ,0.9662% ,0.9665% ,0.0000% ,0.0000% ,0.0000% ,0.0000% ,0.0000% ,
	,0.9672% ,0.9639% ,0.9617% ,0.9656% ,0.9664% ,0.9658% ,0.0000% ,0.0000% ,0.0000% ,0.0000% ,
	,0.9669% ,0.9643% ,0.9616% ,0.9659% ,0.9657% ,0.9655% ,0.9670% ,0.0000% ,0.0000% ,0.0000% ,
	,0.9670% ,0.9638% ,0.9618% ,0.9651% ,0.9664% ,0.9646% ,0.9662% ,0.9653% ,0.0000% ,0.0000% ,
	,0.9661% ,0.9639% ,0.9600% ,0.9654% ,0.9661% ,0.9641% ,0.9664% ,0.9662% ,0.9663% ,0.0000% ,
	,0.9657% ,0.9659% ,0.9601% ,0.9653% ,0.9656% ,0.9639% ,0.9663% ,0.9660% ,0.9659% ,0.9660% ,
ACC: 0.9651%


BWT : -0.00%
****************************************************************************************************
Done!
Log file saved in  ../checkpoints/pmnist_ucb/pmnist_ucb_seed_0.p
[Elapsed time = 2.1 h]
