====================================================================================================
Arguments =
	seed: 0
	device: cuda:0
	experiment: pmnist
	approach: ucb
	data_path: ../data/
	output: 
	checkpoint_dir: ../checkpoints/
	nepochs: 8
	sbatch: 64
	lr: 0.01
	nlayers: 1
	nhid: 1200
	parameter: 
	rbuff_size: 0.05
	samples: 10
	rho: -3.0
	sig1: 0.0
	sig2: 6.0
	pi: 0.25
	arch: mlp
	resume: yes
	sti: 0
====================================================================================================
Using device: cuda:0
pmnist_ucb
Results will be saved in  ../checkpoints/pmnist_ucb


Starting this run on :
2025-01-06 23:54
Load data...
Input size = [1, 28, 28] 
Task info = [(0, 10), (1, 10), (2, 10), (3, 10), (4, 10), (5, 10), (6, 10), (7, 10), (8, 10), (9, 10)]
Inits...
----------------------------------------------------------------------------------------------------
UCB New2
----------------------------------------------------------------------------------------------------
----------------------------------------------------------------------------------------------------
****************************************************************************************************
Task  0 (pmnist-0)
****************************************************************************************************
| Epoch   1, time=311.9ms/  7.0ms | Train: loss=0.000, acc= 97.8% | Valid: loss=0.000, acc= 97.8% | *
| Epoch   2, time=320.2ms/  7.3ms | Train: loss=0.000, acc= 98.1% | Valid: loss=0.000, acc= 98.1% | *
| Epoch   3, time=349.8ms/  7.4ms | Train: loss=0.000, acc= 98.5% | Valid: loss=0.000, acc= 98.5% | *
| Epoch   4, time=335.2ms/  7.6ms | Train: loss=0.000, acc= 98.7% | Valid: loss=0.000, acc= 98.7% | *
| Epoch   5, time=336.1ms/  7.4ms | Train: loss=0.000, acc= 98.8% | Valid: loss=0.000, acc= 98.8% | *
| Epoch   6, time=327.1ms/  7.3ms | Train: loss=0.000, acc= 99.0% | Valid: loss=0.000, acc= 99.0% | *
| Epoch   7, time=318.4ms/  7.0ms | Train: loss=0.000, acc= 99.1% | Valid: loss=0.000, acc= 99.1% | *
| Epoch   8, time=323.7ms/  7.4ms | Train: loss=0.000, acc= 99.2% | Valid: loss=0.000, acc= 99.2% | *
----------------------------------------------------------------------------------------------------
>>> Test on task  0 - pmnist-0       : loss=0.000, acc=97.920% <<<
Save at ../checkpoints/pmnist_ucb
****************************************************************************************************
Task  1 (pmnist-1)
****************************************************************************************************
| Epoch   1, time=356.7ms/  7.1ms | Train: loss=0.000, acc= 96.0% | Valid: loss=0.000, acc= 96.0% | *
| Epoch   2, time=350.3ms/  6.8ms | Train: loss=0.000, acc= 97.2% | Valid: loss=0.000, acc= 97.2% | *
| Epoch   3, time=344.0ms/  6.9ms | Train: loss=0.000, acc= 97.8% | Valid: loss=0.000, acc= 97.8% | *
| Epoch   4, time=353.4ms/  7.2ms | Train: loss=0.000, acc= 98.2% | Valid: loss=0.000, acc= 98.2% | *
| Epoch   5, time=386.1ms/  7.8ms | Train: loss=0.000, acc= 98.5% | Valid: loss=0.000, acc= 98.5% | *
| Epoch   6, time=349.9ms/  6.9ms | Train: loss=0.000, acc= 98.7% | Valid: loss=0.000, acc= 98.7% | *
| Epoch   7, time=351.2ms/  7.3ms | Train: loss=0.000, acc= 98.9% | Valid: loss=0.000, acc= 98.9% | *
| Epoch   8, time=342.6ms/  6.9ms | Train: loss=0.000, acc= 99.0% | Valid: loss=0.000, acc= 99.0% | *
----------------------------------------------------------------------------------------------------
>>> Test on task  0 - pmnist-0       : loss=0.000, acc=97.890% <<<
>>> Test on task  1 - pmnist-1       : loss=0.000, acc=97.770% <<<
Save at ../checkpoints/pmnist_ucb
****************************************************************************************************
Task  2 (pmnist-2)
****************************************************************************************************
| Epoch   1, time=345.1ms/  6.9ms | Train: loss=0.000, acc= 95.9% | Valid: loss=0.000, acc= 95.9% | *
| Epoch   2, time=337.6ms/  6.9ms | Train: loss=0.000, acc= 97.2% | Valid: loss=0.000, acc= 97.2% | *
| Epoch   3, time=342.3ms/  7.0ms | Train: loss=0.000, acc= 97.7% | Valid: loss=0.000, acc= 97.7% | *
| Epoch   4, time=339.7ms/  6.7ms | Train: loss=0.000, acc= 98.1% | Valid: loss=0.000, acc= 98.1% | *
| Epoch   5, time=342.5ms/  6.9ms | Train: loss=0.000, acc= 98.4% | Valid: loss=0.000, acc= 98.4% | *
| Epoch   6, time=342.4ms/  6.9ms | Train: loss=0.000, acc= 98.6% | Valid: loss=0.000, acc= 98.6% | *
| Epoch   7, time=337.6ms/  6.8ms | Train: loss=0.000, acc= 98.8% | Valid: loss=0.000, acc= 98.8% | *
| Epoch   8, time=377.8ms/  7.2ms | Train: loss=0.000, acc= 99.0% | Valid: loss=0.000, acc= 99.0% | *
----------------------------------------------------------------------------------------------------
>>> Test on task  0 - pmnist-0       : loss=0.000, acc=97.870% <<<
>>> Test on task  1 - pmnist-1       : loss=0.000, acc=97.760% <<<
>>> Test on task  2 - pmnist-2       : loss=0.000, acc=97.420% <<<
Save at ../checkpoints/pmnist_ucb
****************************************************************************************************
Task  3 (pmnist-3)
****************************************************************************************************
| Epoch   1, time=343.4ms/  6.9ms | Train: loss=0.000, acc= 96.0% | Valid: loss=0.000, acc= 96.0% | *
| Epoch   2, time=367.6ms/  7.3ms | Train: loss=0.000, acc= 97.2% | Valid: loss=0.000, acc= 97.2% | *
| Epoch   3, time=356.6ms/  7.3ms | Train: loss=0.000, acc= 97.9% | Valid: loss=0.000, acc= 97.9% | *
| Epoch   4, time=356.5ms/  7.4ms | Train: loss=0.000, acc= 98.3% | Valid: loss=0.000, acc= 98.3% | *
| Epoch   5, time=364.9ms/  7.4ms | Train: loss=0.000, acc= 98.5% | Valid: loss=0.000, acc= 98.5% | *
| Epoch   6, time=357.5ms/  7.3ms | Train: loss=0.000, acc= 98.7% | Valid: loss=0.000, acc= 98.7% | *
| Epoch   7, time=367.1ms/  7.3ms | Train: loss=0.000, acc= 98.9% | Valid: loss=0.000, acc= 98.9% | *
| Epoch   8, time=355.7ms/  7.2ms | Train: loss=0.000, acc= 99.0% | Valid: loss=0.000, acc= 99.0% | *
----------------------------------------------------------------------------------------------------
>>> Test on task  0 - pmnist-0       : loss=0.000, acc=97.820% <<<
>>> Test on task  1 - pmnist-1       : loss=0.000, acc=97.690% <<<
>>> Test on task  2 - pmnist-2       : loss=0.000, acc=97.540% <<<
>>> Test on task  3 - pmnist-3       : loss=0.000, acc=97.850% <<<
Save at ../checkpoints/pmnist_ucb
****************************************************************************************************
Task  4 (pmnist-4)
****************************************************************************************************
| Epoch   1, time=349.8ms/  7.1ms | Train: loss=0.000, acc= 95.9% | Valid: loss=0.000, acc= 95.9% | *
| Epoch   2, time=362.3ms/  7.3ms | Train: loss=0.000, acc= 97.1% | Valid: loss=0.000, acc= 97.1% | *
| Epoch   3, time=371.7ms/  7.1ms | Train: loss=0.000, acc= 97.8% | Valid: loss=0.000, acc= 97.8% | *
| Epoch   4, time=357.5ms/  7.3ms | Train: loss=0.000, acc= 98.2% | Valid: loss=0.000, acc= 98.2% | *
| Epoch   5, time=360.2ms/  7.4ms | Train: loss=0.000, acc= 98.4% | Valid: loss=0.000, acc= 98.4% | *
| Epoch   6, time=358.4ms/  7.3ms | Train: loss=0.000, acc= 98.6% | Valid: loss=0.000, acc= 98.6% | *
| Epoch   7, time=357.4ms/  7.4ms | Train: loss=0.000, acc= 98.7% | Valid: loss=0.000, acc= 98.7% | *
| Epoch   8, time=357.9ms/  7.2ms | Train: loss=0.000, acc= 98.9% | Valid: loss=0.000, acc= 98.9% | *
----------------------------------------------------------------------------------------------------
>>> Test on task  0 - pmnist-0       : loss=0.000, acc=97.790% <<<
>>> Test on task  1 - pmnist-1       : loss=0.000, acc=97.600% <<<
>>> Test on task  2 - pmnist-2       : loss=0.000, acc=97.490% <<<
>>> Test on task  3 - pmnist-3       : loss=0.000, acc=97.910% <<<
>>> Test on task  4 - pmnist-4       : loss=0.000, acc=97.830% <<<
Save at ../checkpoints/pmnist_ucb
****************************************************************************************************
Task  5 (pmnist-5)
****************************************************************************************************
| Epoch   1, time=353.7ms/  7.3ms | Train: loss=0.000, acc= 95.8% | Valid: loss=0.000, acc= 95.8% | *
| Epoch   2, time=352.4ms/  7.1ms | Train: loss=0.000, acc= 97.2% | Valid: loss=0.000, acc= 97.2% | *
| Epoch   3, time=353.8ms/  7.3ms | Train: loss=0.000, acc= 97.9% | Valid: loss=0.000, acc= 97.9% | *
| Epoch   4, time=383.6ms/  7.8ms | Train: loss=0.000, acc= 98.2% | Valid: loss=0.000, acc= 98.2% | *
| Epoch   5, time=342.5ms/  6.7ms | Train: loss=0.000, acc= 98.5% | Valid: loss=0.000, acc= 98.5% | *
| Epoch   6, time=336.5ms/  6.8ms | Train: loss=0.000, acc= 98.7% | Valid: loss=0.000, acc= 98.7% | *
| Epoch   7, time=338.8ms/  6.8ms | Train: loss=0.000, acc= 98.9% | Valid: loss=0.000, acc= 98.9% | *
| Epoch   8, time=336.1ms/  6.8ms | Train: loss=0.000, acc= 99.0% | Valid: loss=0.000, acc= 99.0% | *
----------------------------------------------------------------------------------------------------
>>> Test on task  0 - pmnist-0       : loss=0.000, acc=97.770% <<<
>>> Test on task  1 - pmnist-1       : loss=0.000, acc=97.690% <<<
>>> Test on task  2 - pmnist-2       : loss=0.000, acc=97.560% <<<
>>> Test on task  3 - pmnist-3       : loss=0.000, acc=97.810% <<<
>>> Test on task  4 - pmnist-4       : loss=0.000, acc=97.670% <<<
>>> Test on task  5 - pmnist-5       : loss=0.000, acc=97.740% <<<
Save at ../checkpoints/pmnist_ucb
****************************************************************************************************
Task  6 (pmnist-6)
****************************************************************************************************
| Epoch   1, time=339.5ms/  6.8ms | Train: loss=0.000, acc= 95.8% | Valid: loss=0.000, acc= 95.8% | *
| Epoch   2, time=336.8ms/  6.8ms | Train: loss=0.000, acc= 97.2% | Valid: loss=0.000, acc= 97.2% | *
| Epoch   3, time=336.8ms/  6.8ms | Train: loss=0.000, acc= 97.9% | Valid: loss=0.000, acc= 97.9% | *
| Epoch   4, time=336.5ms/  6.8ms | Train: loss=0.000, acc= 98.1% | Valid: loss=0.000, acc= 98.1% | *
| Epoch   5, time=341.8ms/  6.9ms | Train: loss=0.000, acc= 98.5% | Valid: loss=0.000, acc= 98.5% | *
| Epoch   6, time=336.3ms/  6.8ms | Train: loss=0.000, acc= 98.7% | Valid: loss=0.000, acc= 98.7% | *
| Epoch   7, time=348.6ms/  7.2ms | Train: loss=0.000, acc= 98.8% | Valid: loss=0.000, acc= 98.8% | *
| Epoch   8, time=368.1ms/  7.2ms | Train: loss=0.000, acc= 99.0% | Valid: loss=0.000, acc= 99.0% | *
----------------------------------------------------------------------------------------------------
>>> Test on task  0 - pmnist-0       : loss=0.000, acc=97.780% <<<
>>> Test on task  1 - pmnist-1       : loss=0.000, acc=97.610% <<<
>>> Test on task  2 - pmnist-2       : loss=0.000, acc=97.500% <<<
>>> Test on task  3 - pmnist-3       : loss=0.000, acc=97.770% <<<
>>> Test on task  4 - pmnist-4       : loss=0.000, acc=97.690% <<<
>>> Test on task  5 - pmnist-5       : loss=0.000, acc=97.740% <<<
>>> Test on task  6 - pmnist-6       : loss=0.000, acc=97.860% <<<
Save at ../checkpoints/pmnist_ucb
****************************************************************************************************
Task  7 (pmnist-7)
****************************************************************************************************
| Epoch   1, time=357.5ms/  7.1ms | Train: loss=0.000, acc= 95.9% | Valid: loss=0.000, acc= 95.9% | *
| Epoch   2, time=353.5ms/  7.1ms | Train: loss=0.000, acc= 97.1% | Valid: loss=0.000, acc= 97.1% | *
| Epoch   3, time=345.2ms/  6.8ms | Train: loss=0.000, acc= 97.8% | Valid: loss=0.000, acc= 97.8% | *
| Epoch   4, time=341.4ms/  6.8ms | Train: loss=0.000, acc= 98.2% | Valid: loss=0.000, acc= 98.2% | *
| Epoch   5, time=342.0ms/  6.9ms | Train: loss=0.000, acc= 98.5% | Valid: loss=0.000, acc= 98.5% | *
| Epoch   6, time=341.6ms/  6.9ms | Train: loss=0.000, acc= 98.7% | Valid: loss=0.000, acc= 98.7% | *
| Epoch   7, time=338.2ms/  6.9ms | Train: loss=0.000, acc= 98.9% | Valid: loss=0.000, acc= 98.9% | *
| Epoch   8, time=342.5ms/  6.8ms | Train: loss=0.000, acc= 99.0% | Valid: loss=0.000, acc= 99.0% | *
----------------------------------------------------------------------------------------------------
>>> Test on task  0 - pmnist-0       : loss=0.000, acc=97.820% <<<
>>> Test on task  1 - pmnist-1       : loss=0.000, acc=97.530% <<<
>>> Test on task  2 - pmnist-2       : loss=0.000, acc=97.410% <<<
>>> Test on task  3 - pmnist-3       : loss=0.000, acc=97.690% <<<
>>> Test on task  4 - pmnist-4       : loss=0.000, acc=97.720% <<<
>>> Test on task  5 - pmnist-5       : loss=0.000, acc=97.660% <<<
>>> Test on task  6 - pmnist-6       : loss=0.000, acc=97.800% <<<
>>> Test on task  7 - pmnist-7       : loss=0.000, acc=97.790% <<<
Save at ../checkpoints/pmnist_ucb
****************************************************************************************************
Task  8 (pmnist-8)
****************************************************************************************************
| Epoch   1, time=346.6ms/  7.0ms | Train: loss=0.000, acc= 95.9% | Valid: loss=0.000, acc= 95.9% | *
| Epoch   2, time=369.8ms/  6.9ms | Train: loss=0.000, acc= 97.2% | Valid: loss=0.000, acc= 97.2% | *
| Epoch   3, time=343.7ms/  6.9ms | Train: loss=0.000, acc= 97.8% | Valid: loss=0.000, acc= 97.8% | *
| Epoch   4, time=344.2ms/  6.9ms | Train: loss=0.000, acc= 98.2% | Valid: loss=0.000, acc= 98.2% | *
| Epoch   5, time=342.7ms/  6.9ms | Train: loss=0.000, acc= 98.5% | Valid: loss=0.000, acc= 98.5% | *
| Epoch   6, time=343.3ms/  6.9ms | Train: loss=0.000, acc= 98.7% | Valid: loss=0.000, acc= 98.7% | *
| Epoch   7, time=345.2ms/  6.8ms | Train: loss=0.000, acc= 98.9% | Valid: loss=0.000, acc= 98.9% | *
| Epoch   8, time=341.9ms/  7.0ms | Train: loss=0.000, acc= 99.0% | Valid: loss=0.000, acc= 99.0% | *
----------------------------------------------------------------------------------------------------
>>> Test on task  0 - pmnist-0       : loss=0.000, acc=97.780% <<<
>>> Test on task  1 - pmnist-1       : loss=0.000, acc=97.570% <<<
>>> Test on task  2 - pmnist-2       : loss=0.000, acc=97.390% <<<
>>> Test on task  3 - pmnist-3       : loss=0.000, acc=97.730% <<<
>>> Test on task  4 - pmnist-4       : loss=0.000, acc=97.600% <<<
>>> Test on task  5 - pmnist-5       : loss=0.000, acc=97.580% <<<
>>> Test on task  6 - pmnist-6       : loss=0.000, acc=97.750% <<<
>>> Test on task  7 - pmnist-7       : loss=0.000, acc=97.620% <<<
>>> Test on task  8 - pmnist-8       : loss=0.000, acc=97.830% <<<
Save at ../checkpoints/pmnist_ucb
****************************************************************************************************
Task  9 (pmnist-9)
****************************************************************************************************
| Epoch   1, time=342.5ms/  6.9ms | Train: loss=0.000, acc= 95.9% | Valid: loss=0.000, acc= 95.9% | *
| Epoch   2, time=342.5ms/  6.9ms | Train: loss=0.000, acc= 97.2% | Valid: loss=0.000, acc= 97.2% | *
| Epoch   3, time=344.7ms/  6.8ms | Train: loss=0.000, acc= 97.9% | Valid: loss=0.000, acc= 97.9% | *
| Epoch   4, time=364.8ms/  7.0ms | Train: loss=0.000, acc= 98.2% | Valid: loss=0.000, acc= 98.2% | *
| Epoch   5, time=346.1ms/  6.8ms | Train: loss=0.000, acc= 98.5% | Valid: loss=0.000, acc= 98.5% | *
| Epoch   6, time=344.0ms/  7.1ms | Train: loss=0.000, acc= 98.7% | Valid: loss=0.000, acc= 98.7% | *
| Epoch   7, time=339.1ms/  6.9ms | Train: loss=0.000, acc= 98.9% | Valid: loss=0.000, acc= 98.9% | *
| Epoch   8, time=341.8ms/  6.8ms | Train: loss=0.000, acc= 99.0% | Valid: loss=0.000, acc= 99.0% | *
----------------------------------------------------------------------------------------------------
>>> Test on task  0 - pmnist-0       : loss=0.000, acc=97.720% <<<
>>> Test on task  1 - pmnist-1       : loss=0.000, acc=97.610% <<<
>>> Test on task  2 - pmnist-2       : loss=0.000, acc=97.380% <<<
>>> Test on task  3 - pmnist-3       : loss=0.000, acc=97.670% <<<
>>> Test on task  4 - pmnist-4       : loss=0.000, acc=97.640% <<<
>>> Test on task  5 - pmnist-5       : loss=0.000, acc=97.580% <<<
>>> Test on task  6 - pmnist-6       : loss=0.000, acc=97.760% <<<
>>> Test on task  7 - pmnist-7       : loss=0.000, acc=97.660% <<<
>>> Test on task  8 - pmnist-8       : loss=0.000, acc=97.820% <<<
>>> Test on task  9 - pmnist-9       : loss=0.000, acc=97.790% <<<
Save at ../checkpoints/pmnist_ucb
****************************************************************************************************
Accuracies =
	,0.9792% ,0.0000% ,0.0000% ,0.0000% ,0.0000% ,0.0000% ,0.0000% ,0.0000% ,0.0000% ,0.0000% ,
	,0.9789% ,0.9777% ,0.0000% ,0.0000% ,0.0000% ,0.0000% ,0.0000% ,0.0000% ,0.0000% ,0.0000% ,
	,0.9787% ,0.9776% ,0.9742% ,0.0000% ,0.0000% ,0.0000% ,0.0000% ,0.0000% ,0.0000% ,0.0000% ,
	,0.9782% ,0.9769% ,0.9754% ,0.9785% ,0.0000% ,0.0000% ,0.0000% ,0.0000% ,0.0000% ,0.0000% ,
	,0.9779% ,0.9760% ,0.9749% ,0.9791% ,0.9783% ,0.0000% ,0.0000% ,0.0000% ,0.0000% ,0.0000% ,
	,0.9777% ,0.9769% ,0.9756% ,0.9781% ,0.9767% ,0.9774% ,0.0000% ,0.0000% ,0.0000% ,0.0000% ,
	,0.9778% ,0.9761% ,0.9750% ,0.9777% ,0.9769% ,0.9774% ,0.9786% ,0.0000% ,0.0000% ,0.0000% ,
	,0.9782% ,0.9753% ,0.9741% ,0.9769% ,0.9772% ,0.9766% ,0.9780% ,0.9779% ,0.0000% ,0.0000% ,
	,0.9778% ,0.9757% ,0.9739% ,0.9773% ,0.9760% ,0.9758% ,0.9775% ,0.9762% ,0.9783% ,0.0000% ,
	,0.9772% ,0.9761% ,0.9738% ,0.9767% ,0.9764% ,0.9758% ,0.9776% ,0.9766% ,0.9782% ,0.9779% ,
ACC: 0.9766%


BWT : -0.00%
****************************************************************************************************
Done!
Log file saved in  ../checkpoints/pmnist_ucb/pmnist_ucb_seed_0.p
[Elapsed time = 7.6 h]
