====================================================================================================
Arguments =
	seed: 0
	device: cuda:0
	experiment: pmnist
	approach: ucb
	data_path: ../data/
	output: 
	checkpoint_dir: ../checkpoints/
	nepochs: 2
	sbatch: 64
	lr: 0.01
	nlayers: 1
	nhid: 1200
	parameter: 
	rbuff_size: 0.05
	samples: 10
	rho: -3.0
	sig1: 0.0
	sig2: 6.0
	pi: 0.25
	arch: mlp
	resume: no
	sti: 0
====================================================================================================
Using device: cuda:0
pmnist_ucb
Results will be saved in  ../checkpoints/pmnist_ucb


Starting this run on :
2025-01-06 12:48
Load data...
0,1,2,3,4,5,6,7,8,9,
Input size = [1, 28, 28] 
Task info = [(0, 10), (1, 10), (2, 10), (3, 10), (4, 10), (5, 10), (6, 10), (7, 10), (8, 10), (9, 10)]
Inits...
----------------------------------------------------------------------------------------------------
----------------------------------------------------------------------------------------------------
----------------------------------------------------------------------------------------------------
****************************************************************************************************
Task  0 (pmnist-0)
****************************************************************************************************
| Epoch   1, time=300.0ms/  6.5ms | Train: loss=0.000, acc= 96.1% | Valid: loss=0.000, acc= 96.1% | *
| Epoch   2, time=307.5ms/  7.0ms | Train: loss=0.000, acc= 97.2% | Valid: loss=0.000, acc= 97.2% | *
----------------------------------------------------------------------------------------------------
>>> Test on task  0 - pmnist-0       : loss=0.000, acc=96.520% <<<
Save at ../checkpoints/pmnist_ucb
****************************************************************************************************
Task  1 (pmnist-1)
****************************************************************************************************
| Epoch   1, time=320.2ms/  6.5ms | Train: loss=0.000, acc= 84.6% | Valid: loss=0.000, acc= 84.6% | *
| Epoch   2, time=297.2ms/  6.6ms | Train: loss=0.000, acc= 88.4% | Valid: loss=0.000, acc= 88.4% | *
----------------------------------------------------------------------------------------------------
>>> Test on task  0 - pmnist-0       : loss=0.000, acc=96.560% <<<
>>> Test on task  1 - pmnist-1       : loss=0.000, acc=89.110% <<<
Save at ../checkpoints/pmnist_ucb
****************************************************************************************************
Task  2 (pmnist-2)
****************************************************************************************************
| Epoch   1, time=298.7ms/  6.7ms | Train: loss=0.000, acc= 84.4% | Valid: loss=0.000, acc= 84.4% | *
| Epoch   2, time=296.2ms/  6.4ms | Train: loss=0.000, acc= 88.3% | Valid: loss=0.000, acc= 88.3% | *
----------------------------------------------------------------------------------------------------
>>> Test on task  0 - pmnist-0       : loss=0.000, acc=96.560% <<<
>>> Test on task  1 - pmnist-1       : loss=0.000, acc=89.110% <<<
>>> Test on task  2 - pmnist-2       : loss=0.000, acc=88.730% <<<
Save at ../checkpoints/pmnist_ucb
****************************************************************************************************
Task  3 (pmnist-3)
****************************************************************************************************
| Epoch   1, time=296.2ms/  6.5ms | Train: loss=0.000, acc= 84.8% | Valid: loss=0.000, acc= 84.8% | *
| Epoch   2, time=291.6ms/  6.3ms | Train: loss=0.000, acc= 88.5% | Valid: loss=0.000, acc= 88.5% | *
----------------------------------------------------------------------------------------------------
>>> Test on task  0 - pmnist-0       : loss=0.000, acc=96.550% <<<
>>> Test on task  1 - pmnist-1       : loss=0.000, acc=88.910% <<<
>>> Test on task  2 - pmnist-2       : loss=0.000, acc=88.720% <<<
>>> Test on task  3 - pmnist-3       : loss=0.000, acc=89.100% <<<
Save at ../checkpoints/pmnist_ucb
****************************************************************************************************
Task  4 (pmnist-4)
****************************************************************************************************
| Epoch   1, time=285.8ms/  6.4ms | Train: loss=0.000, acc= 84.1% | Valid: loss=0.000, acc= 84.1% | *
| Epoch   2, time=287.3ms/  6.3ms | Train: loss=0.000, acc= 87.9% | Valid: loss=0.000, acc= 87.9% | *
----------------------------------------------------------------------------------------------------
>>> Test on task  0 - pmnist-0       : loss=0.000, acc=96.440% <<<
>>> Test on task  1 - pmnist-1       : loss=0.000, acc=89.080% <<<
>>> Test on task  2 - pmnist-2       : loss=0.000, acc=88.690% <<<
>>> Test on task  3 - pmnist-3       : loss=0.000, acc=89.070% <<<
>>> Test on task  4 - pmnist-4       : loss=0.000, acc=88.660% <<<
Save at ../checkpoints/pmnist_ucb
****************************************************************************************************
Task  5 (pmnist-5)
****************************************************************************************************
| Epoch   1, time=289.9ms/  6.3ms | Train: loss=0.000, acc= 84.5% | Valid: loss=0.000, acc= 84.5% | *
| Epoch   2, time=292.5ms/  6.5ms | Train: loss=0.000, acc= 88.1% | Valid: loss=0.000, acc= 88.1% | *
----------------------------------------------------------------------------------------------------
>>> Test on task  0 - pmnist-0       : loss=0.000, acc=96.520% <<<
>>> Test on task  1 - pmnist-1       : loss=0.000, acc=88.900% <<<
>>> Test on task  2 - pmnist-2       : loss=0.000, acc=88.670% <<<
>>> Test on task  3 - pmnist-3       : loss=0.000, acc=89.120% <<<
>>> Test on task  4 - pmnist-4       : loss=0.000, acc=88.650% <<<
>>> Test on task  5 - pmnist-5       : loss=0.000, acc=89.060% <<<
Save at ../checkpoints/pmnist_ucb
****************************************************************************************************
Task  6 (pmnist-6)
****************************************************************************************************
| Epoch   1, time=293.3ms/  6.5ms | Train: loss=0.000, acc= 85.3% | Valid: loss=0.000, acc= 85.3% | *
| Epoch   2, time=311.8ms/  6.8ms | Train: loss=0.000, acc= 88.6% | Valid: loss=0.000, acc= 88.6% | *
----------------------------------------------------------------------------------------------------
>>> Test on task  0 - pmnist-0       : loss=0.000, acc=96.490% <<<
>>> Test on task  1 - pmnist-1       : loss=0.000, acc=88.950% <<<
>>> Test on task  2 - pmnist-2       : loss=0.000, acc=88.640% <<<
>>> Test on task  3 - pmnist-3       : loss=0.000, acc=89.200% <<<
>>> Test on task  4 - pmnist-4       : loss=0.000, acc=88.590% <<<
>>> Test on task  5 - pmnist-5       : loss=0.000, acc=88.970% <<<
>>> Test on task  6 - pmnist-6       : loss=0.000, acc=89.410% <<<
Save at ../checkpoints/pmnist_ucb
****************************************************************************************************
Task  7 (pmnist-7)
****************************************************************************************************
| Epoch   1, time=306.5ms/  6.7ms | Train: loss=0.000, acc= 84.9% | Valid: loss=0.000, acc= 84.9% | *
| Epoch   2, time=296.6ms/  6.5ms | Train: loss=0.000, acc= 88.6% | Valid: loss=0.000, acc= 88.6% | *
----------------------------------------------------------------------------------------------------
>>> Test on task  0 - pmnist-0       : loss=0.000, acc=96.520% <<<
>>> Test on task  1 - pmnist-1       : loss=0.000, acc=88.780% <<<
>>> Test on task  2 - pmnist-2       : loss=0.000, acc=88.700% <<<
>>> Test on task  3 - pmnist-3       : loss=0.000, acc=89.190% <<<
>>> Test on task  4 - pmnist-4       : loss=0.000, acc=88.650% <<<
>>> Test on task  5 - pmnist-5       : loss=0.000, acc=88.820% <<<
>>> Test on task  6 - pmnist-6       : loss=0.000, acc=89.300% <<<
>>> Test on task  7 - pmnist-7       : loss=0.000, acc=89.330% <<<
Save at ../checkpoints/pmnist_ucb
****************************************************************************************************
Task  8 (pmnist-8)
****************************************************************************************************
| Epoch   1, time=297.4ms/  6.6ms | Train: loss=0.000, acc= 84.4% | Valid: loss=0.000, acc= 84.4% | *
| Epoch   2, time=300.1ms/  6.5ms | Train: loss=0.000, acc= 88.1% | Valid: loss=0.000, acc= 88.1% | *
----------------------------------------------------------------------------------------------------
>>> Test on task  0 - pmnist-0       : loss=0.000, acc=96.520% <<<
>>> Test on task  1 - pmnist-1       : loss=0.000, acc=88.700% <<<
>>> Test on task  2 - pmnist-2       : loss=0.000, acc=88.670% <<<
>>> Test on task  3 - pmnist-3       : loss=0.000, acc=89.190% <<<
>>> Test on task  4 - pmnist-4       : loss=0.000, acc=88.520% <<<
>>> Test on task  5 - pmnist-5       : loss=0.000, acc=88.850% <<<
>>> Test on task  6 - pmnist-6       : loss=0.000, acc=89.120% <<<
>>> Test on task  7 - pmnist-7       : loss=0.000, acc=89.320% <<<
>>> Test on task  8 - pmnist-8       : loss=0.000, acc=88.590% <<<
Save at ../checkpoints/pmnist_ucb
****************************************************************************************************
Task  9 (pmnist-9)
****************************************************************************************************
| Epoch   1, time=300.5ms/  6.5ms | Train: loss=0.000, acc= 84.0% | Valid: loss=0.000, acc= 84.0% | *
| Epoch   2, time=294.2ms/  6.6ms | Train: loss=0.000, acc= 88.2% | Valid: loss=0.000, acc= 88.2% | *
----------------------------------------------------------------------------------------------------
>>> Test on task  0 - pmnist-0       : loss=0.000, acc=96.440% <<<
>>> Test on task  1 - pmnist-1       : loss=0.000, acc=88.690% <<<
>>> Test on task  2 - pmnist-2       : loss=0.000, acc=88.740% <<<
>>> Test on task  3 - pmnist-3       : loss=0.000, acc=89.080% <<<
>>> Test on task  4 - pmnist-4       : loss=0.000, acc=88.550% <<<
>>> Test on task  5 - pmnist-5       : loss=0.000, acc=88.890% <<<
>>> Test on task  6 - pmnist-6       : loss=0.000, acc=89.260% <<<
>>> Test on task  7 - pmnist-7       : loss=0.000, acc=89.290% <<<
>>> Test on task  8 - pmnist-8       : loss=0.000, acc=88.630% <<<
>>> Test on task  9 - pmnist-9       : loss=0.000, acc=88.700% <<<
Save at ../checkpoints/pmnist_ucb
****************************************************************************************************
Accuracies =
	,0.9652% ,0.0000% ,0.0000% ,0.0000% ,0.0000% ,0.0000% ,0.0000% ,0.0000% ,0.0000% ,0.0000% ,
	,0.9656% ,0.8911% ,0.0000% ,0.0000% ,0.0000% ,0.0000% ,0.0000% ,0.0000% ,0.0000% ,0.0000% ,
	,0.9656% ,0.8911% ,0.8873% ,0.0000% ,0.0000% ,0.0000% ,0.0000% ,0.0000% ,0.0000% ,0.0000% ,
	,0.9655% ,0.8891% ,0.8872% ,0.8910% ,0.0000% ,0.0000% ,0.0000% ,0.0000% ,0.0000% ,0.0000% ,
	,0.9644% ,0.8908% ,0.8869% ,0.8907% ,0.8866% ,0.0000% ,0.0000% ,0.0000% ,0.0000% ,0.0000% ,
	,0.9652% ,0.8890% ,0.8867% ,0.8912% ,0.8865% ,0.8906% ,0.0000% ,0.0000% ,0.0000% ,0.0000% ,
	,0.9649% ,0.8895% ,0.8864% ,0.8920% ,0.8859% ,0.8897% ,0.8941% ,0.0000% ,0.0000% ,0.0000% ,
	,0.9652% ,0.8878% ,0.8870% ,0.8919% ,0.8865% ,0.8882% ,0.8930% ,0.8933% ,0.0000% ,0.0000% ,
	,0.9652% ,0.8870% ,0.8867% ,0.8919% ,0.8852% ,0.8885% ,0.8912% ,0.8932% ,0.8859% ,0.0000% ,
	,0.9644% ,0.8869% ,0.8874% ,0.8908% ,0.8855% ,0.8889% ,0.8926% ,0.8929% ,0.8863% ,0.8870% ,
ACC: 0.8963%


BWT : -0.00%
****************************************************************************************************
Done!
Log file saved in  ../checkpoints/pmnist_ucb/pmnist_ucb_seed_0.p
[Elapsed time = 1.8 h]
