====================================================================================================
Arguments =
	seed: 0
	device: cuda:0
	experiment: mnist5
	approach: ucb
	data_path: ../data/
	output: 
	checkpoint_dir: ../checkpoints/
	nepochs: 5
	sbatch: 64
	lr: 0.01
	nlayers: 1
	nhid: 1200
	parameter: 
	rbuff_size: 0.05
	coreset_size: 5
	samples: 10
	rho: -3.0
	sig1: 0.0
	sig2: 6.0
	pi: 0.25
	arch: mlp
	resume: no
	sti: 0
====================================================================================================
Using device: cuda:0
mnist5_ucb
Results will be saved in  ../checkpoints/mnist5_ucb


Starting this run on :
2025-01-08 21:05
Load data...
Input size = [1, 28, 28] 
Task info = [(0, 2), (1, 2), (2, 2), (3, 2), (4, 2)]
Inits...
----------------------------------------------------------------------------------------------------
UCB New3
----------------------------------------------------------------------------------------------------
----------------------------------------------------------------------------------------------------
****************************************************************************************************
Task  0 (mnist-0-1)
****************************************************************************************************
| Epoch   1, time=225.1ms/  4.2ms | Train: loss=0.000, acc= 99.8% | Valid: loss=0.000, acc= 99.8% | *
| Epoch   2, time=211.3ms/  3.9ms | Train: loss=0.000, acc= 99.9% | Valid: loss=0.000, acc= 99.9% | *
| Epoch   3, time=199.0ms/  4.0ms | Train: loss=0.000, acc=100.0% | Valid: loss=0.000, acc=100.0% | *
| Epoch   4, time=204.0ms/  4.0ms | Train: loss=0.000, acc=100.0% | Valid: loss=0.000, acc=100.0% | *
| Epoch   5, time=202.6ms/  3.9ms | Train: loss=0.000, acc=100.0% | Valid: loss=0.000, acc=100.0% | *
Possible coreset entry found: 0 : 18317.4453125
Possible coreset entry found: 2 : 18312.369140625
----------------------------------------------------------------------------------------------------
>>> Test on task  0 - mnist-0-1      : loss=0.000, acc=99.953% <<<
Save at ../checkpoints/mnist5_ucb
****************************************************************************************************
Task  1 (mnist-2-3)
****************************************************************************************************
| Epoch   1, time=236.3ms/  4.0ms | Train: loss=0.000, acc= 98.3% | Valid: loss=0.000, acc= 98.3% | *
| Epoch   2, time=237.2ms/  4.0ms | Train: loss=0.000, acc= 99.0% | Valid: loss=0.000, acc= 99.0% | *
| Epoch   3, time=237.5ms/  4.0ms | Train: loss=0.000, acc= 99.3% | Valid: loss=0.000, acc= 99.3% | *
| Epoch   4, time=235.5ms/  3.9ms | Train: loss=0.000, acc= 99.4% | Valid: loss=0.000, acc= 99.4% | *
| Epoch   5, time=223.3ms/  3.8ms | Train: loss=0.000, acc= 99.6% | Valid: loss=0.000, acc= 99.6% | *
Possible coreset entry found: 0 : 20599.3203125
Possible coreset entry found: 1 : 20578.998046875
Possible coreset entry found: 3 : 20578.080078125
Possible coreset entry found: 4 : 20567.935546875
Possible coreset entry found: 9 : 20555.232421875
Possible coreset entry found: 10 : 20545.365234375
Possible coreset entry found: 13 : 20512.345703125
----------------------------------------------------------------------------------------------------
>>> Test on task  0 - mnist-0-1      : loss=0.000, acc=99.953% <<<
>>> Test on task  1 - mnist-2-3      : loss=0.000, acc=99.412% <<<
Save at ../checkpoints/mnist5_ucb
****************************************************************************************************
Task  2 (mnist-4-5)
****************************************************************************************************
| Epoch   1, time=231.0ms/  3.7ms | Train: loss=0.000, acc= 99.5% | Valid: loss=0.000, acc= 99.5% | *
| Epoch   2, time=230.7ms/  3.7ms | Train: loss=0.000, acc= 99.7% | Valid: loss=0.000, acc= 99.7% | *
| Epoch   3, time=229.5ms/  3.6ms | Train: loss=0.000, acc= 99.7% | Valid: loss=0.000, acc= 99.7% |
| Epoch   4, time=229.5ms/  3.7ms | Train: loss=0.000, acc= 99.8% | Valid: loss=0.000, acc= 99.8% | *
| Epoch   5, time=229.1ms/  3.7ms | Train: loss=0.000, acc= 99.9% | Valid: loss=0.000, acc= 99.9% | *
Possible coreset entry found: 0 : 19420.322265625
----------------------------------------------------------------------------------------------------
>>> Test on task  0 - mnist-0-1      : loss=0.000, acc=99.953% <<<
>>> Test on task  1 - mnist-2-3      : loss=0.000, acc=99.314% <<<
>>> Test on task  2 - mnist-4-5      : loss=0.000, acc=99.840% <<<
Save at ../checkpoints/mnist5_ucb
****************************************************************************************************
Task  3 (mnist-6-7)
****************************************************************************************************
| Epoch   1, time=237.7ms/  3.8ms | Train: loss=0.000, acc= 99.9% | Valid: loss=0.000, acc= 99.9% | *
| Epoch   2, time=238.6ms/  3.7ms | Train: loss=0.000, acc= 99.9% | Valid: loss=0.000, acc= 99.9% | *
| Epoch   3, time=238.6ms/  3.7ms | Train: loss=0.000, acc=100.0% | Valid: loss=0.000, acc=100.0% | *
| Epoch   4, time=238.5ms/  3.7ms | Train: loss=0.000, acc=100.0% | Valid: loss=0.000, acc=100.0% | *
| Epoch   5, time=238.8ms/  3.8ms | Train: loss=0.000, acc=100.0% | Valid: loss=0.000, acc=100.0% | *
Possible coreset entry found: 0 : 18940.810546875
Possible coreset entry found: 9 : 18938.986328125
Possible coreset entry found: 17 : 18928.166015625
----------------------------------------------------------------------------------------------------
>>> Test on task  0 - mnist-0-1      : loss=0.000, acc=99.953% <<<
>>> Test on task  1 - mnist-2-3      : loss=0.000, acc=99.314% <<<
>>> Test on task  2 - mnist-4-5      : loss=0.000, acc=99.840% <<<
>>> Test on task  3 - mnist-6-7      : loss=0.000, acc=99.748% <<<
Save at ../checkpoints/mnist5_ucb
****************************************************************************************************
Task  4 (mnist-8-9)
****************************************************************************************************
| Epoch   1, time=250.4ms/  3.8ms | Train: loss=0.000, acc= 98.9% | Valid: loss=0.000, acc= 98.9% | *
| Epoch   2, time=252.8ms/  3.7ms | Train: loss=0.000, acc= 99.1% | Valid: loss=0.000, acc= 99.1% | *
| Epoch   3, time=250.5ms/  3.7ms | Train: loss=0.000, acc= 99.5% | Valid: loss=0.000, acc= 99.5% | *
| Epoch   4, time=250.8ms/  3.8ms | Train: loss=0.000, acc= 99.3% | Valid: loss=0.000, acc= 99.3% |
| Epoch   5, time=251.0ms/  3.8ms | Train: loss=0.000, acc= 99.8% | Valid: loss=0.000, acc= 99.8% | *
Possible coreset entry found: 0 : 19695.01171875
Possible coreset entry found: 2 : 19692.61328125
----------------------------------------------------------------------------------------------------
>>> Test on task  0 - mnist-0-1      : loss=0.000, acc=99.953% <<<
>>> Test on task  1 - mnist-2-3      : loss=0.000, acc=99.412% <<<
>>> Test on task  2 - mnist-4-5      : loss=0.000, acc=99.840% <<<
>>> Test on task  3 - mnist-6-7      : loss=0.000, acc=99.748% <<<
>>> Test on task  4 - mnist-8-9      : loss=0.000, acc=99.294% <<<
Save at ../checkpoints/mnist5_ucb
****************************************************************************************************
Accuracies =
	,0.9995% ,0.0000% ,0.0000% ,0.0000% ,0.0000% ,
	,0.9995% ,0.9941% ,0.0000% ,0.0000% ,0.0000% ,
	,0.9995% ,0.9931% ,0.9984% ,0.0000% ,0.0000% ,
	,0.9995% ,0.9931% ,0.9984% ,0.9975% ,0.0000% ,
	,0.9995% ,0.9941% ,0.9984% ,0.9975% ,0.9929% ,
ACC: 0.9965%


BWT :  0.00%
****************************************************************************************************
Done!
Log file saved in  ../checkpoints/mnist5_ucb/mnist5_ucb_seed_0.p
[Elapsed time = 0.6 h]
