====================================================================================================
Arguments =
	seed: 0
	device: cuda:0
	experiment: mnist5
	approach: ucb
	data_path: ../data/
	output: 
	checkpoint_dir: ../checkpoints/
	nepochs: 5
	sbatch: 64
	lr: 0.01
	nlayers: 1
	nhid: 1200
	parameter: 
	samples: 10
	rho: -3.0
	sig1: 0.0
	sig2: 6.0
	pi: 0.25
	arch: mlp
	resume: no
	sti: 0
====================================================================================================
Using device: cuda:0
mnist5_ucb
Results will be saved in  ../checkpoints/mnist5_ucb


Starting this run on :
2025-01-02 19:01
Load data...
Input size = [1, 28, 28] 
Task info = [(0, 2), (1, 2), (2, 2), (3, 2), (4, 2)]
Inits...
----------------------------------------------------------------------------------------------------
UCB New
----------------------------------------------------------------------------------------------------
----------------------------------------------------------------------------------------------------
****************************************************************************************************
Task  0 (mnist-0-1)
****************************************************************************************************
| Epoch   1, time=222.4ms/  5.1ms | Train: loss=0.000, acc= 99.8% | Valid: loss=0.000, acc= 99.8% | *
| Epoch   2, time=221.9ms/  4.8ms | Train: loss=0.000, acc= 99.9% | Valid: loss=0.000, acc= 99.9% | *
| Epoch   3, time=209.0ms/  4.1ms | Train: loss=0.000, acc=100.0% | Valid: loss=0.000, acc=100.0% | *
| Epoch   4, time=245.1ms/  5.3ms | Train: loss=0.000, acc=100.0% | Valid: loss=0.000, acc=100.0% | *
| Epoch   5, time=241.2ms/  4.4ms | Train: loss=0.000, acc=100.0% | Valid: loss=0.000, acc=100.0% | *
----------------------------------------------------------------------------------------------------
>>> Test on task  0 - mnist-0-1      : loss=0.000, acc=99.953% <<<
Save at ../checkpoints/mnist5_ucb
****************************************************************************************************
Task  1 (mnist-2-3)
****************************************************************************************************
| Epoch   1, time=265.2ms/  5.3ms | Train: loss=0.000, acc= 98.2% | Valid: loss=0.000, acc= 98.2% | *
| Epoch   2, time=260.2ms/  5.4ms | Train: loss=0.000, acc= 99.0% | Valid: loss=0.000, acc= 99.0% | *
| Epoch   3, time=263.9ms/  5.1ms | Train: loss=0.000, acc= 99.3% | Valid: loss=0.000, acc= 99.3% | *
| Epoch   4, time=267.1ms/  5.2ms | Train: loss=0.000, acc= 99.5% | Valid: loss=0.000, acc= 99.5% | *
| Epoch   5, time=242.8ms/  5.1ms | Train: loss=0.000, acc= 99.7% | Valid: loss=0.000, acc= 99.7% | *
----------------------------------------------------------------------------------------------------
>>> Test on task  0 - mnist-0-1      : loss=0.000, acc=99.953% <<<
>>> Test on task  1 - mnist-2-3      : loss=0.000, acc=99.657% <<<
Save at ../checkpoints/mnist5_ucb
****************************************************************************************************
Task  2 (mnist-4-5)
****************************************************************************************************
| Epoch   1, time=243.1ms/  5.0ms | Train: loss=0.000, acc= 99.5% | Valid: loss=0.000, acc= 99.5% | *
| Epoch   2, time=232.0ms/  4.2ms | Train: loss=0.000, acc= 99.6% | Valid: loss=0.000, acc= 99.6% | *
| Epoch   3, time=219.9ms/  4.2ms | Train: loss=0.000, acc= 99.8% | Valid: loss=0.000, acc= 99.8% | *
| Epoch   4, time=218.0ms/  4.1ms | Train: loss=0.000, acc= 99.8% | Valid: loss=0.000, acc= 99.8% | *
| Epoch   5, time=221.4ms/  4.1ms | Train: loss=0.000, acc= 99.9% | Valid: loss=0.000, acc= 99.9% | *
----------------------------------------------------------------------------------------------------
>>> Test on task  0 - mnist-0-1      : loss=0.000, acc=99.953% <<<
>>> Test on task  1 - mnist-2-3      : loss=0.000, acc=99.412% <<<
>>> Test on task  2 - mnist-4-5      : loss=0.000, acc=99.840% <<<
Save at ../checkpoints/mnist5_ucb
****************************************************************************************************
Task  3 (mnist-6-7)
****************************************************************************************************
| Epoch   1, time=223.4ms/  4.3ms | Train: loss=0.000, acc= 99.9% | Valid: loss=0.000, acc= 99.9% | *
| Epoch   2, time=225.5ms/  4.2ms | Train: loss=0.000, acc= 99.9% | Valid: loss=0.000, acc= 99.9% | *
| Epoch   3, time=218.8ms/  4.1ms | Train: loss=0.000, acc= 99.9% | Valid: loss=0.000, acc= 99.9% |
| Epoch   4, time=219.9ms/  4.0ms | Train: loss=0.000, acc=100.0% | Valid: loss=0.000, acc=100.0% | *
| Epoch   5, time=217.6ms/  4.2ms | Train: loss=0.000, acc=100.0% | Valid: loss=0.000, acc=100.0% | *
----------------------------------------------------------------------------------------------------
>>> Test on task  0 - mnist-0-1      : loss=0.000, acc=99.953% <<<
>>> Test on task  1 - mnist-2-3      : loss=0.000, acc=99.461% <<<
>>> Test on task  2 - mnist-4-5      : loss=0.000, acc=99.840% <<<
>>> Test on task  3 - mnist-6-7      : loss=0.000, acc=99.748% <<<
Save at ../checkpoints/mnist5_ucb
****************************************************************************************************
Task  4 (mnist-8-9)
****************************************************************************************************
| Epoch   1, time=219.1ms/  4.2ms | Train: loss=0.000, acc= 98.9% | Valid: loss=0.000, acc= 98.9% | *
| Epoch   2, time=221.1ms/  4.2ms | Train: loss=0.000, acc= 99.2% | Valid: loss=0.000, acc= 99.2% | *
| Epoch   3, time=221.4ms/  4.0ms | Train: loss=0.000, acc= 99.4% | Valid: loss=0.000, acc= 99.4% | *
| Epoch   4, time=220.4ms/  4.1ms | Train: loss=0.000, acc= 99.7% | Valid: loss=0.000, acc= 99.7% | *
| Epoch   5, time=219.1ms/  4.3ms | Train: loss=0.000, acc= 99.8% | Valid: loss=0.000, acc= 99.8% | *
----------------------------------------------------------------------------------------------------
>>> Test on task  0 - mnist-0-1      : loss=0.000, acc=99.905% <<<
>>> Test on task  1 - mnist-2-3      : loss=0.000, acc=99.216% <<<
>>> Test on task  2 - mnist-4-5      : loss=0.000, acc=99.893% <<<
>>> Test on task  3 - mnist-6-7      : loss=0.000, acc=99.597% <<<
>>> Test on task  4 - mnist-8-9      : loss=0.000, acc=99.193% <<<
Save at ../checkpoints/mnist5_ucb
****************************************************************************************************
Accuracies =
	,0.9995% ,0.0000% ,0.0000% ,0.0000% ,0.0000% ,
	,0.9995% ,0.9966% ,0.0000% ,0.0000% ,0.0000% ,
	,0.9995% ,0.9941% ,0.9984% ,0.0000% ,0.0000% ,
	,0.9995% ,0.9946% ,0.9984% ,0.9975% ,0.0000% ,
	,0.9991% ,0.9922% ,0.9989% ,0.9960% ,0.9919% ,
ACC: 0.9956%


BWT : -0.00%
****************************************************************************************************
Done!
Log file saved in  ../checkpoints/mnist5_ucb/mnist5_ucb_seed_0.p
[Elapsed time = 0.3 h]
