====================================================================================================
Arguments =
	seed: 0
	device: cuda:0
	experiment: mnist5
	approach: ucb
	data_path: ../data/
	output: 
	checkpoint_dir: ../checkpoints/
	nepochs: 5
	sbatch: 64
	lr: 0.01
	nlayers: 1
	nhid: 1200
	parameter: 
	rbuff_size: 0.05
	samples: 10
	rho: -3.0
	sig1: 0.0
	sig2: 6.0
	pi: 0.25
	arch: mlp
	resume: no
	sti: 0
====================================================================================================
Using device: cuda:0
mnist5_ucb
Results will be saved in  ../checkpoints/mnist5_ucb


Starting this run on :
2025-01-02 22:16
Load data...
Input size = [1, 28, 28] 
Task info = [(0, 2), (1, 2), (2, 2), (3, 2), (4, 2)]
Inits...
----------------------------------------------------------------------------------------------------
UCB New2
----------------------------------------------------------------------------------------------------
----------------------------------------------------------------------------------------------------
****************************************************************************************************
Task  0 (mnist-0-1)
****************************************************************************************************
| Epoch   1, time=194.6ms/  3.9ms | Train: loss=0.000, acc= 99.8% | Valid: loss=0.000, acc= 99.8% | *
| Epoch   2, time=194.2ms/  3.9ms | Train: loss=0.000, acc= 99.9% | Valid: loss=0.000, acc= 99.9% | *
| Epoch   3, time=197.4ms/  3.9ms | Train: loss=0.000, acc=100.0% | Valid: loss=0.000, acc=100.0% | *
| Epoch   4, time=197.6ms/  3.9ms | Train: loss=0.000, acc=100.0% | Valid: loss=0.000, acc=100.0% | *
| Epoch   5, time=196.8ms/  4.0ms | Train: loss=0.000, acc=100.0% | Valid: loss=0.000, acc=100.0% | *
----------------------------------------------------------------------------------------------------
>>> Test on task  0 - mnist-0-1      : loss=0.000, acc=99.953% <<<
Save at ../checkpoints/mnist5_ucb
****************************************************************************************************
Task  1 (mnist-2-3)
****************************************************************************************************
| Epoch   1, time=222.6ms/  3.9ms | Train: loss=0.000, acc= 98.1% | Valid: loss=0.000, acc= 98.1% | *
| Epoch   2, time=221.8ms/  4.0ms | Train: loss=0.000, acc= 99.0% | Valid: loss=0.000, acc= 99.0% | *
| Epoch   3, time=223.3ms/  4.0ms | Train: loss=0.000, acc= 99.3% | Valid: loss=0.000, acc= 99.3% | *
| Epoch   4, time=222.6ms/  4.0ms | Train: loss=0.000, acc= 99.6% | Valid: loss=0.000, acc= 99.6% | *
| Epoch   5, time=221.5ms/  4.0ms | Train: loss=0.000, acc= 99.7% | Valid: loss=0.000, acc= 99.7% | *
----------------------------------------------------------------------------------------------------
>>> Test on task  0 - mnist-0-1      : loss=0.000, acc=99.953% <<<
>>> Test on task  1 - mnist-2-3      : loss=0.000, acc=99.510% <<<
Save at ../checkpoints/mnist5_ucb
****************************************************************************************************
Task  2 (mnist-4-5)
****************************************************************************************************
| Epoch   1, time=220.5ms/  3.9ms | Train: loss=0.000, acc= 99.4% | Valid: loss=0.000, acc= 99.4% | *
| Epoch   2, time=222.1ms/  3.9ms | Train: loss=0.000, acc= 99.7% | Valid: loss=0.000, acc= 99.7% | *
| Epoch   3, time=225.6ms/  4.0ms | Train: loss=0.000, acc= 99.8% | Valid: loss=0.000, acc= 99.8% | *
| Epoch   4, time=223.8ms/  3.9ms | Train: loss=0.000, acc= 99.9% | Valid: loss=0.000, acc= 99.9% | *
| Epoch   5, time=221.7ms/  4.0ms | Train: loss=0.000, acc= 99.9% | Valid: loss=0.000, acc= 99.9% | *
----------------------------------------------------------------------------------------------------
>>> Test on task  0 - mnist-0-1      : loss=0.000, acc=99.953% <<<
>>> Test on task  1 - mnist-2-3      : loss=0.000, acc=99.510% <<<
>>> Test on task  2 - mnist-4-5      : loss=0.000, acc=99.893% <<<
Save at ../checkpoints/mnist5_ucb
****************************************************************************************************
Task  3 (mnist-6-7)
****************************************************************************************************
| Epoch   1, time=220.0ms/  3.9ms | Train: loss=0.000, acc= 99.8% | Valid: loss=0.000, acc= 99.8% | *
| Epoch   2, time=223.2ms/  4.0ms | Train: loss=0.000, acc= 99.9% | Valid: loss=0.000, acc= 99.9% | *
| Epoch   3, time=223.8ms/  3.9ms | Train: loss=0.000, acc=100.0% | Valid: loss=0.000, acc=100.0% | *
| Epoch   4, time=224.0ms/  4.0ms | Train: loss=0.000, acc=100.0% | Valid: loss=0.000, acc=100.0% | *
| Epoch   5, time=222.9ms/  3.9ms | Train: loss=0.000, acc=100.0% | Valid: loss=0.000, acc=100.0% | *
----------------------------------------------------------------------------------------------------
>>> Test on task  0 - mnist-0-1      : loss=0.000, acc=99.953% <<<
>>> Test on task  1 - mnist-2-3      : loss=0.000, acc=99.461% <<<
>>> Test on task  2 - mnist-4-5      : loss=0.000, acc=99.840% <<<
>>> Test on task  3 - mnist-6-7      : loss=0.000, acc=99.748% <<<
Save at ../checkpoints/mnist5_ucb
****************************************************************************************************
Task  4 (mnist-8-9)
****************************************************************************************************
| Epoch   1, time=220.3ms/  4.0ms | Train: loss=0.000, acc= 98.6% | Valid: loss=0.000, acc= 98.6% | *
| Epoch   2, time=222.4ms/  4.0ms | Train: loss=0.000, acc= 99.3% | Valid: loss=0.000, acc= 99.3% | *
| Epoch   3, time=224.0ms/  4.0ms | Train: loss=0.000, acc= 99.5% | Valid: loss=0.000, acc= 99.5% | *
| Epoch   4, time=223.7ms/  4.0ms | Train: loss=0.000, acc= 99.7% | Valid: loss=0.000, acc= 99.7% | *
| Epoch   5, time=223.3ms/  4.0ms | Train: loss=0.000, acc= 99.8% | Valid: loss=0.000, acc= 99.8% | *
----------------------------------------------------------------------------------------------------
>>> Test on task  0 - mnist-0-1      : loss=0.000, acc=99.953% <<<
>>> Test on task  1 - mnist-2-3      : loss=0.000, acc=99.363% <<<
>>> Test on task  2 - mnist-4-5      : loss=0.000, acc=99.893% <<<
>>> Test on task  3 - mnist-6-7      : loss=0.000, acc=99.748% <<<
>>> Test on task  4 - mnist-8-9      : loss=0.000, acc=99.294% <<<
Save at ../checkpoints/mnist5_ucb
****************************************************************************************************
Accuracies =
	,0.9995% ,0.0000% ,0.0000% ,0.0000% ,0.0000% ,
	,0.9995% ,0.9951% ,0.0000% ,0.0000% ,0.0000% ,
	,0.9995% ,0.9951% ,0.9989% ,0.0000% ,0.0000% ,
	,0.9995% ,0.9946% ,0.9984% ,0.9975% ,0.0000% ,
	,0.9995% ,0.9936% ,0.9989% ,0.9975% ,0.9929% ,
ACC: 0.9965%


BWT : -0.00%
****************************************************************************************************
Done!
Log file saved in  ../checkpoints/mnist5_ucb/mnist5_ucb_seed_0.p
[Elapsed time = 0.3 h]
