====================================================================================================
Arguments =
	seed: 0
	device: cuda:0
	experiment: mnist5
	approach: ucb
	data_path: ../data/
	output: 
	checkpoint_dir: ../checkpoints/
	nepochs: 5
	sbatch: 64
	lr: 0.01
	nlayers: 1
	nhid: 1200
	parameter: 
	samples: 10
	rho: -3.0
	sig1: 0.0
	sig2: 6.0
	pi: 0.25
	arch: mlp
	resume: no
	sti: 0
====================================================================================================
Using device: cuda:0
mnist5_ucb
Results will be saved in  ../checkpoints/mnist5_ucb


Starting this run on :
2025-01-02 14:36
Load data...
Input size = [1, 28, 28] 
Task info = [(0, 2), (1, 2), (2, 2), (3, 2), (4, 2)]
Inits...
----------------------------------------------------------------------------------------------------
----------------------------------------------------------------------------------------------------
----------------------------------------------------------------------------------------------------
****************************************************************************************************
Task  0 (mnist-0-1)
****************************************************************************************************
| Epoch   1, time=227.4ms/  4.4ms | Train: loss=0.000, acc= 99.8% | Valid: loss=0.000, acc= 99.8% | *
| Epoch   2, time=215.6ms/  4.4ms | Train: loss=0.000, acc= 99.9% | Valid: loss=0.000, acc= 99.9% | *
| Epoch   3, time=215.5ms/  4.4ms | Train: loss=0.000, acc=100.0% | Valid: loss=0.000, acc=100.0% | *
| Epoch   4, time=214.6ms/  4.3ms | Train: loss=0.000, acc=100.0% | Valid: loss=0.000, acc=100.0% | *
| Epoch   5, time=212.6ms/  4.3ms | Train: loss=0.000, acc=100.0% | Valid: loss=0.000, acc=100.0% | *
----------------------------------------------------------------------------------------------------
>>> Test on task  0 - mnist-0-1      : loss=0.000, acc=99.953% <<<
Save at ../checkpoints/mnist5_ucb
****************************************************************************************************
Task  1 (mnist-2-3)
****************************************************************************************************
| Epoch   1, time=206.2ms/  4.3ms | Train: loss=0.000, acc= 94.1% | Valid: loss=0.000, acc= 94.1% | *
| Epoch   2, time=206.2ms/  4.2ms | Train: loss=0.000, acc= 95.5% | Valid: loss=0.000, acc= 95.5% | *
| Epoch   3, time=204.3ms/  4.2ms | Train: loss=0.000, acc= 96.2% | Valid: loss=0.000, acc= 96.2% | *
| Epoch   4, time=206.0ms/  4.2ms | Train: loss=0.000, acc= 96.7% | Valid: loss=0.000, acc= 96.7% | *
| Epoch   5, time=203.3ms/  4.2ms | Train: loss=0.000, acc= 96.9% | Valid: loss=0.000, acc= 96.9% | *
----------------------------------------------------------------------------------------------------
>>> Test on task  0 - mnist-0-1      : loss=0.000, acc=99.953% <<<
>>> Test on task  1 - mnist-2-3      : loss=0.000, acc=97.551% <<<
Save at ../checkpoints/mnist5_ucb
****************************************************************************************************
Task  2 (mnist-4-5)
****************************************************************************************************
| Epoch   1, time=204.2ms/  4.2ms | Train: loss=0.000, acc= 94.9% | Valid: loss=0.000, acc= 94.9% | *
| Epoch   2, time=205.2ms/  4.3ms | Train: loss=0.000, acc= 97.1% | Valid: loss=0.000, acc= 97.1% | *
| Epoch   3, time=206.3ms/  4.2ms | Train: loss=0.000, acc= 97.9% | Valid: loss=0.000, acc= 97.9% | *
| Epoch   4, time=208.0ms/  4.2ms | Train: loss=0.000, acc= 98.2% | Valid: loss=0.000, acc= 98.2% | *
| Epoch   5, time=207.5ms/  4.3ms | Train: loss=0.000, acc= 98.4% | Valid: loss=0.000, acc= 98.4% | *
----------------------------------------------------------------------------------------------------
>>> Test on task  0 - mnist-0-1      : loss=0.000, acc=99.953% <<<
>>> Test on task  1 - mnist-2-3      : loss=0.000, acc=97.405% <<<
>>> Test on task  2 - mnist-4-5      : loss=0.000, acc=98.613% <<<
Save at ../checkpoints/mnist5_ucb
****************************************************************************************************
Task  3 (mnist-6-7)
****************************************************************************************************
| Epoch   1, time=206.4ms/  4.3ms | Train: loss=0.000, acc= 98.2% | Valid: loss=0.000, acc= 98.2% | *
| Epoch   2, time=203.8ms/  4.2ms | Train: loss=0.000, acc= 98.9% | Valid: loss=0.000, acc= 98.9% | *
| Epoch   3, time=209.2ms/  4.2ms | Train: loss=0.000, acc= 99.2% | Valid: loss=0.000, acc= 99.2% | *
| Epoch   4, time=214.4ms/  4.3ms | Train: loss=0.000, acc= 99.4% | Valid: loss=0.000, acc= 99.4% | *
| Epoch   5, time=212.9ms/  4.3ms | Train: loss=0.000, acc= 99.5% | Valid: loss=0.000, acc= 99.5% | *
----------------------------------------------------------------------------------------------------
>>> Test on task  0 - mnist-0-1      : loss=0.000, acc=99.953% <<<
>>> Test on task  1 - mnist-2-3      : loss=0.000, acc=97.356% <<<
>>> Test on task  2 - mnist-4-5      : loss=0.000, acc=98.613% <<<
>>> Test on task  3 - mnist-6-7      : loss=0.000, acc=98.741% <<<
Save at ../checkpoints/mnist5_ucb
****************************************************************************************************
Task  4 (mnist-8-9)
****************************************************************************************************
| Epoch   1, time=220.5ms/  4.3ms | Train: loss=0.000, acc= 94.2% | Valid: loss=0.000, acc= 94.2% | *
| Epoch   2, time=213.8ms/  4.3ms | Train: loss=0.000, acc= 96.1% | Valid: loss=0.000, acc= 96.1% | *
| Epoch   3, time=218.2ms/  4.4ms | Train: loss=0.000, acc= 96.8% | Valid: loss=0.000, acc= 96.8% | *
| Epoch   4, time=220.9ms/  4.5ms | Train: loss=0.000, acc= 97.2% | Valid: loss=0.000, acc= 97.2% | *
| Epoch   5, time=216.9ms/  4.5ms | Train: loss=0.000, acc= 97.4% | Valid: loss=0.000, acc= 97.4% | *
----------------------------------------------------------------------------------------------------
>>> Test on task  0 - mnist-0-1      : loss=0.000, acc=99.953% <<<
>>> Test on task  1 - mnist-2-3      : loss=0.000, acc=97.502% <<<
>>> Test on task  2 - mnist-4-5      : loss=0.000, acc=98.613% <<<
>>> Test on task  3 - mnist-6-7      : loss=0.000, acc=98.892% <<<
>>> Test on task  4 - mnist-8-9      : loss=0.000, acc=97.277% <<<
Save at ../checkpoints/mnist5_ucb
****************************************************************************************************
Accuracies =
	,0.9995% ,0.0000% ,0.0000% ,0.0000% ,0.0000% ,
	,0.9995% ,0.9755% ,0.0000% ,0.0000% ,0.0000% ,
	,0.9995% ,0.9740% ,0.9861% ,0.0000% ,0.0000% ,
	,0.9995% ,0.9736% ,0.9861% ,0.9874% ,0.0000% ,
	,0.9995% ,0.9750% ,0.9861% ,0.9889% ,0.9728% ,
ACC: 0.9845%


BWT :  0.00%
****************************************************************************************************
Done!
Log file saved in  ../checkpoints/mnist5_ucb/mnist5_ucb_seed_0.p
[Elapsed time = 0.3 h]
