====================================================================================================
Arguments =
	seed: 0
	device: cuda:0
	experiment: cifar
	approach: ucb
	data_path: ../data/
	output: 
	checkpoint_dir: ../checkpoints/
	nepochs: 20
	sbatch: 64
	lr: 0.01
	nlayers: 1
	nhid: 1200
	parameter: 
	rbuff_size: 0.05
	samples: 10
	rho: -3.0
	sig1: 0.0
	sig2: 6.0
	pi: 0.25
	arch: mlp
	resume: no
	sti: 0
====================================================================================================
Using device: cuda:0
cifar_ucb
Results will be saved in  ../checkpoints/cifar_ucb


Starting this run on :
2025-01-03 18:06
Load data...
Task order = [2, 8, 4, 9, 1, 6, 7, 3, 0, 5]
Input size = [3, 32, 32] 
Task info = [(0, 2), (1, 20), (2, 2), (3, 20), (4, 2), (5, 20), (6, 20), (7, 2), (8, 2), (9, 20)]
Inits...
----------------------------------------------------------------------------------------------------
----------------------------------------------------------------------------------------------------
----------------------------------------------------------------------------------------------------
****************************************************************************************************
Task  0 (cifar10-2)
****************************************************************************************************
| Epoch   1, time=2165.8ms/ 60.7ms | Train: loss=0.000, acc= 49.9% | Valid: loss=0.000, acc= 50.7% | *
| Epoch   2, time=2163.4ms/ 64.8ms | Train: loss=0.000, acc= 50.0% | Valid: loss=0.000, acc= 50.7% |
| Epoch   3, time=2145.9ms/ 63.1ms | Train: loss=0.000, acc= 52.9% | Valid: loss=0.000, acc= 53.7% |
| Epoch   4, time=2149.6ms/ 60.8ms | Train: loss=0.000, acc= 59.2% | Valid: loss=0.000, acc= 59.4% |
| Epoch   5, time=2108.9ms/ 63.4ms | Train: loss=0.000, acc= 61.0% | Valid: loss=0.000, acc= 60.8% |
| Epoch   6, time=2206.8ms/ 61.0ms | Train: loss=0.000, acc= 67.2% | Valid: loss=0.000, acc= 66.8% | *
| Epoch   7, time=2069.0ms/ 60.7ms | Train: loss=0.000, acc= 64.7% | Valid: loss=0.000, acc= 63.1% |
| Epoch   8, time=2051.6ms/ 60.6ms | Train: loss=0.000, acc= 70.9% | Valid: loss=0.000, acc= 71.4% | *
| Epoch   9, time=2059.1ms/ 60.7ms | Train: loss=0.000, acc= 77.3% | Valid: loss=0.000, acc= 78.0% | *
| Epoch  10, time=2068.0ms/ 60.8ms | Train: loss=0.000, acc= 77.1% | Valid: loss=0.000, acc= 77.0% |
| Epoch  11, time=2143.3ms/ 63.9ms | Train: loss=0.000, acc= 77.2% | Valid: loss=0.000, acc= 77.6% |
| Epoch  12, time=2255.1ms/ 60.8ms | Train: loss=0.000, acc= 79.2% | Valid: loss=0.000, acc= 80.2% | *
| Epoch  13, time=2105.4ms/ 61.4ms | Train: loss=0.000, acc= 78.6% | Valid: loss=0.000, acc= 78.9% |
| Epoch  14, time=2112.3ms/ 63.2ms | Train: loss=0.000, acc= 75.7% | Valid: loss=0.000, acc= 75.6% |
| Epoch  15, time=2228.4ms/ 76.4ms | Train: loss=0.000, acc= 81.3% | Valid: loss=0.000, acc= 80.9% | *
| Epoch  16, time=2658.3ms/ 76.5ms | Train: loss=0.000, acc= 77.7% | Valid: loss=0.000, acc= 77.7% |
| Epoch  17, time=2207.3ms/ 64.6ms | Train: loss=0.000, acc= 71.7% | Valid: loss=0.000, acc= 70.7% |
| Epoch  18, time=2176.2ms/ 63.9ms | Train: loss=0.000, acc= 82.0% | Valid: loss=0.000, acc= 82.0% | *
| Epoch  19, time=2324.3ms/ 76.3ms | Train: loss=0.000, acc= 81.9% | Valid: loss=0.000, acc= 81.8% |
| Epoch  20, time=2646.3ms/ 76.1ms | Train: loss=0.000, acc= 83.3% | Valid: loss=0.000, acc= 83.4% | *
----------------------------------------------------------------------------------------------------
>>> Test on task  0 - cifar10-2      : loss=0.000, acc=82.200% <<<
Save at ../checkpoints/cifar_ucb
****************************************************************************************************
Task  1 (cifar100-3)
****************************************************************************************************
| Epoch   1, time=2359.4ms/ 63.2ms | Train: loss=0.001, acc=  3.9% | Valid: loss=0.001, acc=  5.9% | *
| Epoch   2, time=2169.7ms/ 62.1ms | Train: loss=0.001, acc=  5.2% | Valid: loss=0.001, acc=  6.4% | *
| Epoch   3, time=2602.7ms/ 76.8ms | Train: loss=0.001, acc=  5.7% | Valid: loss=0.001, acc=  6.9% | *
| Epoch   4, time=2242.1ms/ 62.5ms | Train: loss=0.001, acc=  5.6% | Valid: loss=0.001, acc=  6.4% | *
| Epoch   5, time=2173.5ms/ 63.7ms | Train: loss=0.001, acc=  6.9% | Valid: loss=0.001, acc=  8.1% | *
| Epoch   6, time=2152.4ms/ 62.1ms | Train: loss=0.001, acc=  7.1% | Valid: loss=0.001, acc=  7.6% |
| Epoch   7, time=2149.5ms/ 62.2ms | Train: loss=0.001, acc=  6.5% | Valid: loss=0.001, acc=  8.0% | *
| Epoch   8, time=2102.1ms/ 64.2ms | Train: loss=0.001, acc=  8.7% | Valid: loss=0.001, acc= 10.2% | *
| Epoch   9, time=2548.1ms/ 76.5ms | Train: loss=0.001, acc=  7.9% | Valid: loss=0.001, acc= 10.0% | *
| Epoch  10, time=2652.5ms/ 76.4ms | Train: loss=0.001, acc=  8.9% | Valid: loss=0.001, acc= 10.1% |
| Epoch  11, time=2655.9ms/ 76.3ms | Train: loss=0.001, acc=  8.8% | Valid: loss=0.001, acc=  9.7% |
| Epoch  12, time=2664.1ms/ 76.4ms | Train: loss=0.001, acc= 10.4% | Valid: loss=0.001, acc= 11.4% | *
| Epoch  13, time=2519.8ms/ 60.9ms | Train: loss=0.001, acc=  9.3% | Valid: loss=0.001, acc=  9.2% |
| Epoch  14, time=2057.9ms/ 60.9ms | Train: loss=0.001, acc= 11.0% | Valid: loss=0.001, acc= 12.0% | *
| Epoch  15, time=2061.8ms/ 60.9ms | Train: loss=0.001, acc= 10.4% | Valid: loss=0.001, acc= 11.2% |
| Epoch  16, time=2056.5ms/ 61.1ms | Train: loss=0.001, acc=  8.9% | Valid: loss=0.001, acc=  9.1% |
| Epoch  17, time=2060.2ms/ 61.0ms | Train: loss=0.001, acc= 11.1% | Valid: loss=0.001, acc= 11.6% | *
| Epoch  18, time=2064.0ms/ 60.7ms | Train: loss=0.001, acc= 10.7% | Valid: loss=0.001, acc= 10.6% |
| Epoch  19, time=2048.6ms/ 60.8ms | Train: loss=0.001, acc= 10.8% | Valid: loss=0.001, acc= 11.7% |
| Epoch  20, time=2054.0ms/ 60.7ms | Train: loss=0.001, acc= 11.4% | Valid: loss=0.001, acc= 12.0% |
----------------------------------------------------------------------------------------------------
>>> Test on task  0 - cifar10-2      : loss=0.000, acc=82.300% <<<
>>> Test on task  1 - cifar100-3     : loss=0.001, acc=11.500% <<<
Save at ../checkpoints/cifar_ucb
****************************************************************************************************
Task  2 (cifar10-4)
****************************************************************************************************
| Epoch   1, time=2055.5ms/ 60.9ms | Train: loss=0.000, acc= 50.1% | Valid: loss=0.000, acc= 49.0% | *
| Epoch   2, time=2062.1ms/ 60.7ms | Train: loss=0.000, acc= 50.5% | Valid: loss=0.000, acc= 49.2% | *
| Epoch   3, time=2049.6ms/ 61.0ms | Train: loss=0.000, acc= 55.0% | Valid: loss=0.000, acc= 52.7% | *
| Epoch   4, time=2075.1ms/ 63.8ms | Train: loss=0.000, acc= 58.2% | Valid: loss=0.000, acc= 60.2% | *
| Epoch   5, time=2538.6ms/ 76.2ms | Train: loss=0.000, acc= 59.9% | Valid: loss=0.000, acc= 61.4% | *
| Epoch   6, time=2654.5ms/ 75.9ms | Train: loss=0.000, acc= 60.3% | Valid: loss=0.000, acc= 59.0% |
| Epoch   7, time=2248.2ms/ 61.0ms | Train: loss=0.000, acc= 61.6% | Valid: loss=0.000, acc= 60.7% | *
| Epoch   8, time=2054.8ms/ 60.7ms | Train: loss=0.000, acc= 62.6% | Valid: loss=0.000, acc= 61.4% | *
| Epoch   9, time=2049.5ms/ 61.2ms | Train: loss=0.000, acc= 68.6% | Valid: loss=0.000, acc= 69.2% | *
| Epoch  10, time=2059.6ms/ 61.1ms | Train: loss=0.000, acc= 70.6% | Valid: loss=0.000, acc= 71.0% | *
| Epoch  11, time=2067.4ms/ 60.9ms | Train: loss=0.000, acc= 72.8% | Valid: loss=0.000, acc= 72.5% | *
| Epoch  12, time=2055.2ms/ 61.3ms | Train: loss=0.000, acc= 70.0% | Valid: loss=0.000, acc= 68.4% |
| Epoch  13, time=2056.1ms/ 61.1ms | Train: loss=0.000, acc= 74.8% | Valid: loss=0.000, acc= 73.8% | *
| Epoch  14, time=2056.6ms/ 61.2ms | Train: loss=0.000, acc= 73.9% | Valid: loss=0.000, acc= 72.1% |
| Epoch  15, time=2058.5ms/ 61.1ms | Train: loss=0.000, acc= 76.0% | Valid: loss=0.000, acc= 75.3% | *
| Epoch  16, time=2168.8ms/ 63.8ms | Train: loss=0.000, acc= 75.3% | Valid: loss=0.000, acc= 73.1% |
| Epoch  17, time=2136.7ms/ 61.0ms | Train: loss=0.000, acc= 77.7% | Valid: loss=0.000, acc= 76.5% | *
| Epoch  18, time=2198.5ms/ 76.2ms | Train: loss=0.000, acc= 77.9% | Valid: loss=0.000, acc= 78.3% | *
| Epoch  19, time=2666.1ms/ 76.0ms | Train: loss=0.000, acc= 75.0% | Valid: loss=0.000, acc= 72.7% |
| Epoch  20, time=2653.8ms/ 75.6ms | Train: loss=0.000, acc= 78.0% | Valid: loss=0.000, acc= 76.5% | *
----------------------------------------------------------------------------------------------------
>>> Test on task  0 - cifar10-2      : loss=0.000, acc=74.750% <<<
>>> Test on task  1 - cifar100-3     : loss=0.001, acc=11.600% <<<
>>> Test on task  2 - cifar10-4      : loss=0.000, acc=77.600% <<<
Save at ../checkpoints/cifar_ucb
****************************************************************************************************
Task  3 (cifar100-4)
****************************************************************************************************
| Epoch   1, time=2655.4ms/ 76.2ms | Train: loss=0.001, acc=  4.4% | Valid: loss=0.001, acc=  5.4% | *
| Epoch   2, time=2652.1ms/ 76.1ms | Train: loss=0.001, acc=  5.4% | Valid: loss=0.001, acc=  5.8% | *
| Epoch   3, time=2649.1ms/ 76.8ms | Train: loss=0.001, acc=  5.0% | Valid: loss=0.001, acc=  5.3% | *
| Epoch   4, time=2651.9ms/ 76.5ms | Train: loss=0.001, acc=  4.8% | Valid: loss=0.001, acc=  5.5% |
| Epoch   5, time=2639.8ms/ 76.2ms | Train: loss=0.001, acc=  5.4% | Valid: loss=0.001, acc=  6.2% | *
| Epoch   6, time=2532.4ms/ 63.5ms | Train: loss=0.001, acc=  6.0% | Valid: loss=0.001, acc=  6.5% | *
| Epoch   7, time=2509.0ms/ 76.1ms | Train: loss=0.001, acc=  5.4% | Valid: loss=0.001, acc=  6.4% |
| Epoch   8, time=2667.0ms/ 76.3ms | Train: loss=0.001, acc=  5.4% | Valid: loss=0.001, acc=  6.8% |
| Epoch   9, time=2663.3ms/ 76.3ms | Train: loss=0.001, acc=  5.6% | Valid: loss=0.001, acc=  6.6% | *
| Epoch  10, time=2656.1ms/ 76.0ms | Train: loss=0.001, acc=  6.1% | Valid: loss=0.001, acc=  6.5% | *
| Epoch  11, time=2653.7ms/ 76.0ms | Train: loss=0.001, acc=  5.5% | Valid: loss=0.001, acc=  6.7% |
| Epoch  12, time=2649.4ms/ 76.0ms | Train: loss=0.001, acc=  5.5% | Valid: loss=0.001, acc=  6.7% | *
| Epoch  13, time=2649.4ms/ 75.9ms | Train: loss=0.001, acc=  6.6% | Valid: loss=0.001, acc=  6.9% |
| Epoch  14, time=2653.6ms/ 75.8ms | Train: loss=0.001, acc=  6.8% | Valid: loss=0.001, acc=  6.8% | *
| Epoch  15, time=2564.2ms/ 62.0ms | Train: loss=0.001, acc=  6.5% | Valid: loss=0.001, acc=  9.2% |
| Epoch  16, time=2144.0ms/ 61.1ms | Train: loss=0.001, acc=  5.2% | Valid: loss=0.001, acc=  6.4% |
| Epoch  17, time=2066.9ms/ 61.1ms | Train: loss=0.001, acc= 10.7% | Valid: loss=0.001, acc= 11.0% | *
| Epoch  18, time=2492.2ms/ 76.1ms | Train: loss=0.001, acc=  8.2% | Valid: loss=0.001, acc=  9.8% |
| Epoch  19, time=2658.9ms/ 76.5ms | Train: loss=0.001, acc=  9.4% | Valid: loss=0.001, acc= 10.2% |
| Epoch  20, time=2663.9ms/ 76.3ms | Train: loss=0.001, acc= 10.0% | Valid: loss=0.001, acc= 10.2% |
----------------------------------------------------------------------------------------------------
>>> Test on task  0 - cifar10-2      : loss=0.000, acc=73.600% <<<
>>> Test on task  1 - cifar100-3     : loss=0.001, acc=8.850% <<<
>>> Test on task  2 - cifar10-4      : loss=0.000, acc=66.800% <<<
>>> Test on task  3 - cifar100-4     : loss=0.001, acc=10.500% <<<
Save at ../checkpoints/cifar_ucb
****************************************************************************************************
Task  4 (cifar10-1)
****************************************************************************************************
| Epoch   1, time=2656.8ms/ 76.1ms | Train: loss=0.000, acc= 64.7% | Valid: loss=0.000, acc= 63.1% | *
| Epoch   2, time=2658.8ms/ 75.9ms | Train: loss=0.000, acc= 64.5% | Valid: loss=0.000, acc= 61.6% |
| Epoch   3, time=2657.6ms/ 76.3ms | Train: loss=0.000, acc= 66.4% | Valid: loss=0.000, acc= 63.1% | *
| Epoch   4, time=2657.8ms/ 76.1ms | Train: loss=0.000, acc= 66.9% | Valid: loss=0.000, acc= 63.2% | *
| Epoch   5, time=2749.5ms/ 76.9ms | Train: loss=0.000, acc= 67.2% | Valid: loss=0.000, acc= 64.0% | *
| Epoch   6, time=2672.8ms/ 76.5ms | Train: loss=0.000, acc= 63.0% | Valid: loss=0.000, acc= 62.7% |
| Epoch   7, time=2664.1ms/ 76.2ms | Train: loss=0.000, acc= 65.1% | Valid: loss=0.000, acc= 64.4% |
| Epoch   8, time=2184.3ms/ 60.8ms | Train: loss=0.000, acc= 67.9% | Valid: loss=0.000, acc= 65.0% | *
| Epoch   9, time=2065.1ms/ 60.9ms | Train: loss=0.000, acc= 66.5% | Valid: loss=0.000, acc= 65.1% |
| Epoch  10, time=2066.6ms/ 61.2ms | Train: loss=0.000, acc= 67.4% | Valid: loss=0.000, acc= 65.3% |
| Epoch  11, time=2058.0ms/ 60.8ms | Train: loss=0.000, acc= 68.7% | Valid: loss=0.000, acc= 65.7% | *
| Epoch  12, time=2061.0ms/ 60.7ms | Train: loss=0.000, acc= 68.4% | Valid: loss=0.000, acc= 66.7% | *
| Epoch  13, time=2067.3ms/ 60.8ms | Train: loss=0.000, acc= 68.2% | Valid: loss=0.000, acc= 66.5% |
| Epoch  14, time=2058.7ms/ 61.0ms | Train: loss=0.000, acc= 69.0% | Valid: loss=0.000, acc= 66.9% |
| Epoch  15, time=2069.1ms/ 60.8ms | Train: loss=0.000, acc= 70.5% | Valid: loss=0.000, acc= 67.9% | *
| Epoch  16, time=2475.3ms/ 77.3ms | Train: loss=0.000, acc= 70.9% | Valid: loss=0.000, acc= 68.5% |
| Epoch  17, time=2668.3ms/ 76.4ms | Train: loss=0.000, acc= 71.1% | Valid: loss=0.000, acc= 68.5% | *
| Epoch  18, time=2658.2ms/ 76.2ms | Train: loss=0.000, acc= 69.7% | Valid: loss=0.000, acc= 67.8% |
| Epoch  19, time=2646.0ms/ 76.5ms | Train: loss=0.000, acc= 68.1% | Valid: loss=0.000, acc= 67.7% |
| Epoch  20, time=2659.6ms/ 76.7ms | Train: loss=0.000, acc= 70.3% | Valid: loss=0.000, acc= 67.7% |
----------------------------------------------------------------------------------------------------
>>> Test on task  0 - cifar10-2      : loss=0.000, acc=77.850% <<<
>>> Test on task  1 - cifar100-3     : loss=0.001, acc=10.550% <<<
>>> Test on task  2 - cifar10-4      : loss=0.000, acc=64.750% <<<
>>> Test on task  3 - cifar100-4     : loss=0.001, acc=10.750% <<<
>>> Test on task  4 - cifar10-1      : loss=0.000, acc=68.950% <<<
Save at ../checkpoints/cifar_ucb
****************************************************************************************************
Task  5 (cifar100-1)
****************************************************************************************************
| Epoch   1, time=2639.5ms/ 76.4ms | Train: loss=0.001, acc=  6.6% | Valid: loss=0.001, acc=  5.1% | *
| Epoch   2, time=2651.0ms/ 76.2ms | Train: loss=0.001, acc=  6.9% | Valid: loss=0.001, acc=  5.1% | *
| Epoch   3, time=2654.1ms/ 76.2ms | Train: loss=0.001, acc=  7.9% | Valid: loss=0.001, acc=  5.7% | *
| Epoch   4, time=2657.8ms/ 76.2ms | Train: loss=0.001, acc=  6.7% | Valid: loss=0.001, acc=  5.5% |
| Epoch   5, time=2655.3ms/ 76.2ms | Train: loss=0.001, acc=  7.8% | Valid: loss=0.001, acc=  6.7% | *
| Epoch   6, time=2403.7ms/ 60.9ms | Train: loss=0.001, acc=  7.8% | Valid: loss=0.001, acc=  6.0% | *
| Epoch   7, time=2059.5ms/ 60.6ms | Train: loss=0.001, acc=  6.5% | Valid: loss=0.001, acc=  4.7% |
| Epoch   8, time=2059.3ms/ 60.8ms | Train: loss=0.001, acc=  7.5% | Valid: loss=0.001, acc=  6.3% | *
| Epoch   9, time=2064.8ms/ 60.8ms | Train: loss=0.001, acc=  6.7% | Valid: loss=0.001, acc=  4.9% |
| Epoch  10, time=2052.2ms/ 61.0ms | Train: loss=0.001, acc=  8.2% | Valid: loss=0.001, acc=  7.9% |
| Epoch  11, time=2060.3ms/ 60.8ms | Train: loss=0.001, acc=  7.8% | Valid: loss=0.001, acc=  6.5% | *
| Epoch  12, time=2062.7ms/ 60.9ms | Train: loss=0.001, acc=  8.1% | Valid: loss=0.001, acc=  6.5% | *
| Epoch  13, time=2053.7ms/ 60.8ms | Train: loss=0.001, acc=  8.4% | Valid: loss=0.001, acc=  7.0% | *
| Epoch  14, time=2067.6ms/ 60.9ms | Train: loss=0.001, acc=  8.8% | Valid: loss=0.001, acc=  8.0% |
| Epoch  15, time=2069.8ms/ 61.0ms | Train: loss=0.001, acc=  8.9% | Valid: loss=0.001, acc=  8.3% |
| Epoch  16, time=2059.2ms/ 60.9ms | Train: loss=0.001, acc=  8.0% | Valid: loss=0.001, acc=  6.6% | *
| Epoch  17, time=2321.9ms/ 77.0ms | Train: loss=0.001, acc=  9.6% | Valid: loss=0.001, acc=  8.5% | *
| Epoch  18, time=2680.4ms/ 76.2ms | Train: loss=0.001, acc=  9.8% | Valid: loss=0.001, acc=  9.2% |
| Epoch  19, time=2658.0ms/ 76.3ms | Train: loss=0.001, acc= 10.4% | Valid: loss=0.001, acc=  9.9% | *
| Epoch  20, time=2657.9ms/ 76.2ms | Train: loss=0.001, acc= 10.5% | Valid: loss=0.001, acc=  9.7% |
----------------------------------------------------------------------------------------------------
>>> Test on task  0 - cifar10-2      : loss=0.000, acc=77.150% <<<
>>> Test on task  1 - cifar100-3     : loss=0.001, acc=8.900% <<<
>>> Test on task  2 - cifar10-4      : loss=0.000, acc=66.050% <<<
>>> Test on task  3 - cifar100-4     : loss=0.001, acc=11.350% <<<
>>> Test on task  4 - cifar10-1      : loss=0.000, acc=67.250% <<<
>>> Test on task  5 - cifar100-1     : loss=0.001, acc=9.650% <<<
Save at ../checkpoints/cifar_ucb
****************************************************************************************************
Task  6 (cifar100-2)
****************************************************************************************************
| Epoch   1, time=2659.1ms/ 76.4ms | Train: loss=0.001, acc=  5.0% | Valid: loss=0.001, acc=  5.3% | *
| Epoch   2, time=2661.9ms/ 76.4ms | Train: loss=0.001, acc=  4.9% | Valid: loss=0.001, acc=  5.2% | *
| Epoch   3, time=2655.0ms/ 76.4ms | Train: loss=0.001, acc=  4.8% | Valid: loss=0.001, acc=  5.1% | *
| Epoch   4, time=2655.5ms/ 76.3ms | Train: loss=0.001, acc=  4.9% | Valid: loss=0.001, acc=  5.8% | *
| Epoch   5, time=2661.7ms/ 76.5ms | Train: loss=0.001, acc=  4.7% | Valid: loss=0.001, acc=  5.0% | *
| Epoch   6, time=2662.6ms/ 76.6ms | Train: loss=0.001, acc=  7.2% | Valid: loss=0.001, acc=  6.3% | *
| Epoch   7, time=2693.9ms/ 76.5ms | Train: loss=0.001, acc=  5.3% | Valid: loss=0.001, acc=  5.4% | *
| Epoch   8, time=2654.4ms/ 75.9ms | Train: loss=0.001, acc=  5.1% | Valid: loss=0.001, acc=  5.4% | *
| Epoch   9, time=2656.1ms/ 76.2ms | Train: loss=0.001, acc= 10.8% | Valid: loss=0.001, acc= 11.7% | *
| Epoch  10, time=2653.0ms/ 76.4ms | Train: loss=0.001, acc= 11.9% | Valid: loss=0.001, acc= 12.2% | *
| Epoch  11, time=2647.8ms/ 76.1ms | Train: loss=0.001, acc= 10.5% | Valid: loss=0.001, acc= 12.3% | *
| Epoch  12, time=2651.0ms/ 76.4ms | Train: loss=0.001, acc= 11.8% | Valid: loss=0.001, acc= 12.2% | *
| Epoch  13, time=2658.7ms/ 76.6ms | Train: loss=0.001, acc= 12.3% | Valid: loss=0.001, acc= 12.4% |
| Epoch  14, time=2602.9ms/ 60.9ms | Train: loss=0.001, acc= 11.3% | Valid: loss=0.001, acc= 11.7% | *
| Epoch  15, time=2052.0ms/ 61.1ms | Train: loss=0.001, acc= 12.1% | Valid: loss=0.001, acc= 11.9% |
| Epoch  16, time=2051.9ms/ 62.0ms | Train: loss=0.001, acc= 12.3% | Valid: loss=0.001, acc= 13.1% | *
| Epoch  17, time=2430.5ms/ 76.0ms | Train: loss=0.001, acc= 11.6% | Valid: loss=0.001, acc= 11.6% | *
| Epoch  18, time=2302.6ms/ 61.2ms | Train: loss=0.001, acc= 12.0% | Valid: loss=0.001, acc= 11.6% |
| Epoch  19, time=2059.6ms/ 61.1ms | Train: loss=0.001, acc= 12.1% | Valid: loss=0.001, acc= 12.4% | *
| Epoch  20, time=2115.4ms/ 60.9ms | Train: loss=0.001, acc= 12.4% | Valid: loss=0.001, acc= 12.3% | *
----------------------------------------------------------------------------------------------------
>>> Test on task  0 - cifar10-2      : loss=0.000, acc=73.250% <<<
>>> Test on task  1 - cifar100-3     : loss=0.001, acc=8.600% <<<
>>> Test on task  2 - cifar10-4      : loss=0.000, acc=60.400% <<<
>>> Test on task  3 - cifar100-4     : loss=0.001, acc=5.650% <<<
>>> Test on task  4 - cifar10-1      : loss=0.000, acc=65.100% <<<
>>> Test on task  5 - cifar100-1     : loss=0.001, acc=7.650% <<<
>>> Test on task  6 - cifar100-2     : loss=0.001, acc=12.050% <<<
Save at ../checkpoints/cifar_ucb
****************************************************************************************************
Task  7 (cifar10-3)
****************************************************************************************************
| Epoch   1, time=2059.5ms/ 60.7ms | Train: loss=0.000, acc= 50.7% | Valid: loss=0.000, acc= 49.5% | *
| Epoch   2, time=2051.1ms/ 60.7ms | Train: loss=0.000, acc= 51.8% | Valid: loss=0.000, acc= 51.1% | *
| Epoch   3, time=2416.3ms/ 76.4ms | Train: loss=0.000, acc= 53.1% | Valid: loss=0.000, acc= 50.2% | *
| Epoch   4, time=2658.1ms/ 76.4ms | Train: loss=0.000, acc= 54.1% | Valid: loss=0.000, acc= 52.8% | *
| Epoch   5, time=2655.2ms/ 76.3ms | Train: loss=0.000, acc= 55.7% | Valid: loss=0.000, acc= 54.9% | *
| Epoch   6, time=2658.2ms/ 76.5ms | Train: loss=0.000, acc= 55.8% | Valid: loss=0.000, acc= 54.8% | *
| Epoch   7, time=2617.0ms/ 64.0ms | Train: loss=0.000, acc= 55.6% | Valid: loss=0.000, acc= 54.0% | *
| Epoch   8, time=2149.2ms/ 61.3ms | Train: loss=0.000, acc= 56.8% | Valid: loss=0.000, acc= 55.7% | *
| Epoch   9, time=2057.3ms/ 61.0ms | Train: loss=0.000, acc= 58.6% | Valid: loss=0.000, acc= 57.6% | *
| Epoch  10, time=2065.4ms/ 61.2ms | Train: loss=0.000, acc= 59.2% | Valid: loss=0.000, acc= 58.8% | *
| Epoch  11, time=2062.5ms/ 61.2ms | Train: loss=0.000, acc= 60.9% | Valid: loss=0.000, acc= 60.0% | *
| Epoch  12, time=2058.0ms/ 60.8ms | Train: loss=0.000, acc= 60.8% | Valid: loss=0.000, acc= 59.6% | *
| Epoch  13, time=2055.7ms/ 61.3ms | Train: loss=0.000, acc= 61.6% | Valid: loss=0.000, acc= 59.5% | *
| Epoch  14, time=2062.8ms/ 60.9ms | Train: loss=0.000, acc= 61.9% | Valid: loss=0.000, acc= 60.8% | *
| Epoch  15, time=2053.4ms/ 61.0ms | Train: loss=0.000, acc= 63.1% | Valid: loss=0.000, acc= 60.9% | *
| Epoch  16, time=2053.0ms/ 61.0ms | Train: loss=0.000, acc= 63.9% | Valid: loss=0.000, acc= 62.3% | *
| Epoch  17, time=2046.6ms/ 61.2ms | Train: loss=0.000, acc= 65.1% | Valid: loss=0.000, acc= 62.8% | *
| Epoch  18, time=2061.5ms/ 61.6ms | Train: loss=0.000, acc= 64.6% | Valid: loss=0.000, acc= 62.7% |
| Epoch  19, time=2589.4ms/ 76.5ms | Train: loss=0.000, acc= 66.4% | Valid: loss=0.000, acc= 64.4% | *
| Epoch  20, time=2653.8ms/ 76.0ms | Train: loss=0.000, acc= 67.4% | Valid: loss=0.000, acc= 65.8% | *
----------------------------------------------------------------------------------------------------
>>> Test on task  0 - cifar10-2      : loss=0.000, acc=54.650% <<<
>>> Test on task  1 - cifar100-3     : loss=0.001, acc=8.450% <<<
>>> Test on task  2 - cifar10-4      : loss=0.000, acc=55.900% <<<
>>> Test on task  3 - cifar100-4     : loss=0.001, acc=3.500% <<<
>>> Test on task  4 - cifar10-1      : loss=0.000, acc=58.150% <<<
>>> Test on task  5 - cifar100-1     : loss=0.001, acc=7.950% <<<
>>> Test on task  6 - cifar100-2     : loss=0.001, acc=11.450% <<<
>>> Test on task  7 - cifar10-3      : loss=0.000, acc=68.250% <<<
Save at ../checkpoints/cifar_ucb
****************************************************************************************************
Task  8 (cifar10-0)
****************************************************************************************************
| Epoch   1, time=2653.5ms/ 75.8ms | Train: loss=0.000, acc= 50.4% | Valid: loss=0.000, acc= 53.3% | *
| Epoch   2, time=2645.5ms/ 75.9ms | Train: loss=0.000, acc= 64.8% | Valid: loss=0.000, acc= 65.5% | *
| Epoch   3, time=2642.3ms/ 76.0ms | Train: loss=0.000, acc= 66.6% | Valid: loss=0.000, acc= 67.2% | *
| Epoch   4, time=2648.1ms/ 76.2ms | Train: loss=0.000, acc= 69.1% | Valid: loss=0.000, acc= 68.0% | *
| Epoch   5, time=2651.0ms/ 76.3ms | Train: loss=0.000, acc= 70.8% | Valid: loss=0.000, acc= 69.8% | *
| Epoch   6, time=2413.7ms/ 61.0ms | Train: loss=0.000, acc= 71.5% | Valid: loss=0.000, acc= 70.2% | *
| Epoch   7, time=2052.4ms/ 61.0ms | Train: loss=0.000, acc= 70.7% | Valid: loss=0.000, acc= 69.9% |
| Epoch   8, time=2358.6ms/ 77.1ms | Train: loss=0.000, acc= 72.8% | Valid: loss=0.000, acc= 71.8% | *
| Epoch   9, time=2688.2ms/ 76.0ms | Train: loss=0.000, acc= 73.1% | Valid: loss=0.000, acc= 72.9% | *
| Epoch  10, time=2193.7ms/ 61.1ms | Train: loss=0.000, acc= 73.9% | Valid: loss=0.000, acc= 73.5% | *
| Epoch  11, time=2086.1ms/ 60.9ms | Train: loss=0.000, acc= 74.2% | Valid: loss=0.000, acc= 73.4% | *
| Epoch  12, time=2058.0ms/ 60.9ms | Train: loss=0.000, acc= 74.6% | Valid: loss=0.000, acc= 73.0% |
| Epoch  13, time=2062.0ms/ 61.0ms | Train: loss=0.000, acc= 74.6% | Valid: loss=0.000, acc= 74.2% | *
| Epoch  14, time=2129.2ms/ 60.9ms | Train: loss=0.000, acc= 75.6% | Valid: loss=0.000, acc= 74.6% | *
| Epoch  15, time=2058.2ms/ 60.9ms | Train: loss=0.000, acc= 76.2% | Valid: loss=0.000, acc= 75.3% | *
| Epoch  16, time=2056.2ms/ 61.1ms | Train: loss=0.000, acc= 76.6% | Valid: loss=0.000, acc= 75.7% | *
| Epoch  17, time=2056.1ms/ 61.1ms | Train: loss=0.000, acc= 76.1% | Valid: loss=0.000, acc= 75.1% | *
| Epoch  18, time=2065.3ms/ 61.3ms | Train: loss=0.000, acc= 76.4% | Valid: loss=0.000, acc= 75.8% | *
| Epoch  19, time=2064.3ms/ 61.2ms | Train: loss=0.000, acc= 77.9% | Valid: loss=0.000, acc= 77.2% | *
| Epoch  20, time=2625.1ms/ 78.1ms | Train: loss=0.000, acc= 78.2% | Valid: loss=0.000, acc= 77.1% | *
----------------------------------------------------------------------------------------------------
>>> Test on task  0 - cifar10-2      : loss=0.000, acc=55.350% <<<
>>> Test on task  1 - cifar100-3     : loss=0.001, acc=5.300% <<<
>>> Test on task  2 - cifar10-4      : loss=0.000, acc=73.050% <<<
>>> Test on task  3 - cifar100-4     : loss=0.001, acc=4.000% <<<
>>> Test on task  4 - cifar10-1      : loss=0.000, acc=58.550% <<<
>>> Test on task  5 - cifar100-1     : loss=0.001, acc=7.450% <<<
>>> Test on task  6 - cifar100-2     : loss=0.001, acc=9.050% <<<
>>> Test on task  7 - cifar10-3      : loss=0.000, acc=53.400% <<<
>>> Test on task  8 - cifar10-0      : loss=0.000, acc=79.900% <<<
Save at ../checkpoints/cifar_ucb
****************************************************************************************************
Task  9 (cifar100-0)
****************************************************************************************************
| Epoch   1, time=2479.5ms/ 61.1ms | Train: loss=0.001, acc=  5.0% | Valid: loss=0.001, acc=  6.3% | *
| Epoch   2, time=2059.1ms/ 61.8ms | Train: loss=0.001, acc=  5.2% | Valid: loss=0.001, acc=  6.3% | *
| Epoch   3, time=2101.4ms/ 63.9ms | Train: loss=0.001, acc=  5.1% | Valid: loss=0.001, acc=  5.0% |
| Epoch   4, time=2274.6ms/ 63.9ms | Train: loss=0.001, acc=  5.2% | Valid: loss=0.001, acc=  6.1% |
| Epoch   5, time=2322.6ms/ 68.5ms | Train: loss=0.001, acc=  5.4% | Valid: loss=0.001, acc=  5.4% | *
| Epoch   6, time=2594.1ms/ 77.7ms | Train: loss=0.001, acc=  5.1% | Valid: loss=0.001, acc=  5.3% |
| Epoch   7, time=2537.8ms/ 64.3ms | Train: loss=0.001, acc=  5.0% | Valid: loss=0.001, acc=  5.8% | *
| Epoch   8, time=2252.6ms/ 65.2ms | Train: loss=0.001, acc=  5.6% | Valid: loss=0.001, acc=  5.6% | *
| Epoch   9, time=2161.2ms/ 63.4ms | Train: loss=0.001, acc=  5.8% | Valid: loss=0.001, acc=  6.3% | *
| Epoch  10, time=2517.0ms/ 73.3ms | Train: loss=0.001, acc=  5.2% | Valid: loss=0.001, acc=  6.4% | *
| Epoch  11, time=2799.5ms/ 78.1ms | Train: loss=0.001, acc=  5.3% | Valid: loss=0.001, acc=  6.4% | *
| Epoch  12, time=2452.0ms/ 66.4ms | Train: loss=0.001, acc=  5.5% | Valid: loss=0.001, acc=  6.0% | *
| Epoch  13, time=2328.5ms/ 63.6ms | Train: loss=0.001, acc=  6.9% | Valid: loss=0.001, acc=  6.9% |
| Epoch  14, time=2227.4ms/ 63.9ms | Train: loss=0.001, acc=  7.1% | Valid: loss=0.001, acc=  7.5% |
| Epoch  15, time=2226.2ms/ 63.9ms | Train: loss=0.001, acc=  6.1% | Valid: loss=0.001, acc=  6.9% | *
| Epoch  16, time=2244.2ms/ 63.7ms | Train: loss=0.001, acc=  7.8% | Valid: loss=0.001, acc=  7.3% |
| Epoch  17, time=2174.6ms/ 64.4ms | Train: loss=0.001, acc=  7.6% | Valid: loss=0.001, acc=  8.9% | *
| Epoch  18, time=2271.9ms/ 64.1ms | Train: loss=0.001, acc=  6.7% | Valid: loss=0.001, acc=  7.4% | *
| Epoch  19, time=2196.1ms/ 64.3ms | Train: loss=0.001, acc=  8.2% | Valid: loss=0.001, acc=  8.0% | *
| Epoch  20, time=2115.2ms/ 63.8ms | Train: loss=0.001, acc=  7.7% | Valid: loss=0.001, acc=  8.9% |
----------------------------------------------------------------------------------------------------
>>> Test on task  0 - cifar10-2      : loss=0.000, acc=59.950% <<<
>>> Test on task  1 - cifar100-3     : loss=0.001, acc=4.650% <<<
>>> Test on task  2 - cifar10-4      : loss=0.000, acc=65.200% <<<
>>> Test on task  3 - cifar100-4     : loss=0.001, acc=5.650% <<<
>>> Test on task  4 - cifar10-1      : loss=0.000, acc=61.800% <<<
>>> Test on task  5 - cifar100-1     : loss=0.001, acc=8.050% <<<
>>> Test on task  6 - cifar100-2     : loss=0.001, acc=10.900% <<<
>>> Test on task  7 - cifar10-3      : loss=0.000, acc=60.800% <<<
>>> Test on task  8 - cifar10-0      : loss=0.000, acc=70.400% <<<
>>> Test on task  9 - cifar100-0     : loss=0.001, acc=8.400% <<<
Save at ../checkpoints/cifar_ucb
****************************************************************************************************
Accuracies =
	,0.8220% ,0.0000% ,0.0000% ,0.0000% ,0.0000% ,0.0000% ,0.0000% ,0.0000% ,0.0000% ,0.0000% ,
	,0.8230% ,0.1150% ,0.0000% ,0.0000% ,0.0000% ,0.0000% ,0.0000% ,0.0000% ,0.0000% ,0.0000% ,
	,0.7475% ,0.1160% ,0.7760% ,0.0000% ,0.0000% ,0.0000% ,0.0000% ,0.0000% ,0.0000% ,0.0000% ,
	,0.7360% ,0.0885% ,0.6680% ,0.1050% ,0.0000% ,0.0000% ,0.0000% ,0.0000% ,0.0000% ,0.0000% ,
	,0.7785% ,0.1055% ,0.6475% ,0.1075% ,0.6895% ,0.0000% ,0.0000% ,0.0000% ,0.0000% ,0.0000% ,
	,0.7715% ,0.0890% ,0.6605% ,0.1135% ,0.6725% ,0.0965% ,0.0000% ,0.0000% ,0.0000% ,0.0000% ,
	,0.7325% ,0.0860% ,0.6040% ,0.0565% ,0.6510% ,0.0765% ,0.1205% ,0.0000% ,0.0000% ,0.0000% ,
	,0.5465% ,0.0845% ,0.5590% ,0.0350% ,0.5815% ,0.0795% ,0.1145% ,0.6825% ,0.0000% ,0.0000% ,
	,0.5535% ,0.0530% ,0.7305% ,0.0400% ,0.5855% ,0.0745% ,0.0905% ,0.5340% ,0.7990% ,0.0000% ,
	,0.5995% ,0.0465% ,0.6520% ,0.0565% ,0.6180% ,0.0805% ,0.1090% ,0.6080% ,0.7040% ,0.0840% ,
ACC: 0.3558%


BWT : -0.07%
****************************************************************************************************
Done!
Log file saved in  ../checkpoints/cifar_ucb/cifar_ucb_seed_0.p
[Elapsed time = 18.9 h]
