====================================================================================================
Arguments =
	seed: 0
	device: cuda:0
	experiment: mnist2
	approach: ucb
	data_path: ../data/
	output: 
	checkpoint_dir: ../checkpoints/
	nepochs: 20
	sbatch: 64
	lr: 0.01
	nlayers: 1
	nhid: 1200
	parameter: 
	rbuff_size: 0.05
	samples: 10
	rho: -3.0
	sig1: 0.0
	sig2: 6.0
	pi: 0.25
	arch: mlp
	resume: no
	sti: 0
====================================================================================================
Using device: cuda:0
mnist2_ucb
Results will be saved in  ../checkpoints/mnist2_ucb


Starting this run on :
2025-01-02 22:44
Load data...
Input size = [1, 28, 28] 
Task info = [(0, 5), (1, 5)]
Inits...
----------------------------------------------------------------------------------------------------
UCB New2
----------------------------------------------------------------------------------------------------
----------------------------------------------------------------------------------------------------
****************************************************************************************************
Task  0 (mnist-0-4)
****************************************************************************************************
| Epoch   1, time=144.0ms/  2.2ms | Train: loss=0.000, acc= 98.1% | Valid: loss=0.000, acc= 98.1% | *
| Epoch   2, time=143.2ms/  2.2ms | Train: loss=0.000, acc= 98.8% | Valid: loss=0.000, acc= 98.8% | *
| Epoch   3, time=144.6ms/  2.2ms | Train: loss=0.000, acc= 99.1% | Valid: loss=0.000, acc= 99.1% | *
| Epoch   4, time=142.8ms/  2.2ms | Train: loss=0.000, acc= 99.3% | Valid: loss=0.000, acc= 99.3% | *
| Epoch   5, time=143.8ms/  2.2ms | Train: loss=0.000, acc= 99.4% | Valid: loss=0.000, acc= 99.4% | *
| Epoch   6, time=142.2ms/  2.2ms | Train: loss=0.000, acc= 99.6% | Valid: loss=0.000, acc= 99.6% | *
| Epoch   7, time=143.5ms/  2.2ms | Train: loss=0.000, acc= 99.6% | Valid: loss=0.000, acc= 99.6% | *
| Epoch   8, time=141.9ms/  2.2ms | Train: loss=0.000, acc= 99.7% | Valid: loss=0.000, acc= 99.7% | *
| Epoch   9, time=142.7ms/  2.2ms | Train: loss=0.000, acc= 99.8% | Valid: loss=0.000, acc= 99.8% | *
| Epoch  10, time=146.8ms/  2.2ms | Train: loss=0.000, acc= 99.8% | Valid: loss=0.000, acc= 99.8% | *
| Epoch  11, time=143.0ms/  2.2ms | Train: loss=0.000, acc= 99.9% | Valid: loss=0.000, acc= 99.9% | *
| Epoch  12, time=142.5ms/  2.2ms | Train: loss=0.000, acc= 99.9% | Valid: loss=0.000, acc= 99.9% | *
| Epoch  13, time=144.2ms/  2.2ms | Train: loss=0.000, acc= 99.9% | Valid: loss=0.000, acc= 99.9% | *
| Epoch  14, time=148.9ms/  2.4ms | Train: loss=0.000, acc= 99.9% | Valid: loss=0.000, acc= 99.9% | *
| Epoch  15, time=166.1ms/  3.0ms | Train: loss=0.000, acc= 99.9% | Valid: loss=0.000, acc= 99.9% | *
| Epoch  16, time=164.5ms/  2.9ms | Train: loss=0.000, acc=100.0% | Valid: loss=0.000, acc=100.0% | *
| Epoch  17, time=162.7ms/  2.4ms | Train: loss=0.000, acc=100.0% | Valid: loss=0.000, acc=100.0% | *
| Epoch  18, time=148.9ms/  2.2ms | Train: loss=0.000, acc=100.0% | Valid: loss=0.000, acc=100.0% | *
| Epoch  19, time=145.2ms/  2.2ms | Train: loss=0.000, acc=100.0% | Valid: loss=0.000, acc=100.0% | *
| Epoch  20, time=143.9ms/  2.2ms | Train: loss=0.000, acc=100.0% | Valid: loss=0.000, acc=100.0% | *
----------------------------------------------------------------------------------------------------
>>> Test on task  0 - mnist-0-4      : loss=0.000, acc=99.397% <<<
Save at ../checkpoints/mnist2_ucb
****************************************************************************************************
Task  1 (mnist-5-9)
****************************************************************************************************
| Epoch   1, time=169.4ms/  2.2ms | Train: loss=0.000, acc= 97.4% | Valid: loss=0.000, acc= 97.4% | *
| Epoch   2, time=169.1ms/  2.2ms | Train: loss=0.000, acc= 98.2% | Valid: loss=0.000, acc= 98.2% | *
| Epoch   3, time=169.5ms/  2.2ms | Train: loss=0.000, acc= 98.6% | Valid: loss=0.000, acc= 98.6% | *
| Epoch   4, time=170.9ms/  2.3ms | Train: loss=0.000, acc= 99.0% | Valid: loss=0.000, acc= 99.0% | *
| Epoch   5, time=170.4ms/  2.2ms | Train: loss=0.000, acc= 99.2% | Valid: loss=0.000, acc= 99.2% | *
| Epoch   6, time=166.1ms/  2.1ms | Train: loss=0.000, acc= 99.3% | Valid: loss=0.000, acc= 99.3% | *
| Epoch   7, time=167.3ms/  2.1ms | Train: loss=0.000, acc= 99.4% | Valid: loss=0.000, acc= 99.4% | *
| Epoch   8, time=166.6ms/  2.1ms | Train: loss=0.000, acc= 99.5% | Valid: loss=0.000, acc= 99.5% | *
| Epoch   9, time=171.0ms/  2.4ms | Train: loss=0.000, acc= 99.6% | Valid: loss=0.000, acc= 99.6% | *
| Epoch  10, time=177.0ms/  2.3ms | Train: loss=0.000, acc= 99.6% | Valid: loss=0.000, acc= 99.6% | *
| Epoch  11, time=177.3ms/  2.3ms | Train: loss=0.000, acc= 99.7% | Valid: loss=0.000, acc= 99.7% | *
| Epoch  12, time=176.6ms/  2.3ms | Train: loss=0.000, acc= 99.7% | Valid: loss=0.000, acc= 99.7% | *
| Epoch  13, time=176.0ms/  2.2ms | Train: loss=0.000, acc= 99.8% | Valid: loss=0.000, acc= 99.8% | *
| Epoch  14, time=174.7ms/  2.3ms | Train: loss=0.000, acc= 99.8% | Valid: loss=0.000, acc= 99.8% | *
| Epoch  15, time=176.2ms/  2.3ms | Train: loss=0.000, acc= 99.8% | Valid: loss=0.000, acc= 99.8% | *
| Epoch  16, time=175.4ms/  2.3ms | Train: loss=0.000, acc= 99.8% | Valid: loss=0.000, acc= 99.8% | *
| Epoch  17, time=174.7ms/  2.2ms | Train: loss=0.000, acc= 99.9% | Valid: loss=0.000, acc= 99.9% | *
| Epoch  18, time=174.7ms/  2.3ms | Train: loss=0.000, acc= 99.9% | Valid: loss=0.000, acc= 99.9% | *
| Epoch  19, time=175.8ms/  2.3ms | Train: loss=0.000, acc= 99.9% | Valid: loss=0.000, acc= 99.9% | *
| Epoch  20, time=174.8ms/  2.3ms | Train: loss=0.000, acc= 99.9% | Valid: loss=0.000, acc= 99.9% | *
----------------------------------------------------------------------------------------------------
>>> Test on task  0 - mnist-0-4      : loss=0.000, acc=99.455% <<<
>>> Test on task  1 - mnist-5-9      : loss=0.000, acc=98.786% <<<
Save at ../checkpoints/mnist2_ucb
****************************************************************************************************
Accuracies =
	,0.9940% ,0.0000% ,
	,0.9946% ,0.9879% ,
ACC: 0.9912%


BWT :  0.00%
****************************************************************************************************
Done!
Log file saved in  ../checkpoints/mnist2_ucb/mnist2_ucb_seed_0.p
[Elapsed time = 0.9 h]
